2025-04-24 11:56:07,539 [INFO] Activator:176 - 


2025-04-24 11:56:07,548 [INFO] Activator:177 - !SESSION log4j initialized
2025-04-24 11:56:15,812 [INFO] LogOutputStream:77 - [STDOUT_REDIRECT] 
2025-04-24 11:56:18,353 [INFO] ApplicationProperties:184 - Using Application install path: /opt/st/stm32cubeide_1.18.1/plugins/com.st.stm32cube.common.mx_6.14.1.202504091515
2025-04-24 11:56:18,383 [INFO] DbMcusXml:78 - Set database path to: /opt/st/stm32cubeide_1.18.1/plugins/com.st.stm32cube.common.mx_6.14.1.202504091515//db//mcu/
2025-04-24 11:56:18,384 [INFO] ApiDb:274 - Set plugin database path to: /opt/st/stm32cubeide_1.18.1/plugins/com.st.stm32cube.common.mx_6.14.1.202504091515//db//plugins/boardmanager/
2025-04-24 11:56:18,384 [WARN] ApiDb:259 - Overriding images path with different value:  => /opt/st/stm32cubeide_1.18.1/plugins/com.st.stm32cube.common.mx_6.14.1.202504091515//db//plugins/mcufinder/images/
2025-04-24 11:56:18,401 [INFO] ApiDb:250 - Set database path to: /home/barin/.stmcufinder/plugins/mcufinder//mcu/
2025-04-24 11:56:18,404 [INFO] DbMcusAds:125 - Set database path to: /home/barin/.stmcufinder/plugins/mcufinder//mcu/
2025-04-24 11:56:18,408 [INFO] CrossReferenceDbSqlite:203 - Set database path to: /home/barin/.stmcufinder/plugins/mcufinder//mcu/cs/
2025-04-24 11:56:18,612 [INFO] RulesReader:64 - Compatibility file has been processed (302 Rules)
2025-04-24 11:56:18,745 [INFO] DbMcusXml:78 - Set database path to: /opt/st/stm32cubeide_1.18.1/plugins/com.st.stm32cube.common.mx_6.14.1.202504091515//db//mcu/
2025-04-24 11:56:18,746 [INFO] ApiDb:274 - Set plugin database path to: /opt/st/stm32cubeide_1.18.1/plugins/com.st.stm32cube.common.mx_6.14.1.202504091515//db//plugins/boardmanager/
2025-04-24 11:56:18,746 [INFO] ApiDb:261 - Set plugin images path to: /opt/st/stm32cubeide_1.18.1/plugins/com.st.stm32cube.common.mx_6.14.1.202504091515//db//plugins/mcufinder/images/
2025-04-24 11:56:18,746 [WARN] DbFile:41 - Overriding database path with different value: /home/barin/.stmcufinder/plugins/mcufinder/ => /home/barin/.stmcufinder/plugins/mcufinder
2025-04-24 11:56:18,746 [INFO] ApiDb:250 - Set database path to: /home/barin/.stmcufinder/plugins/mcufinder//mcu/
2025-04-24 11:56:18,747 [WARN] DbFile:41 - Overriding database path with different value: /home/barin/.stmcufinder/plugins/mcufinder/ => /home/barin/.stmcufinder/plugins/mcufinder
2025-04-24 11:56:18,747 [INFO] DbMcusAds:125 - Set database path to: /home/barin/.stmcufinder/plugins/mcufinder//mcu/
2025-04-24 11:56:18,747 [WARN] DbFile:41 - Overriding database path with different value: /home/barin/.stmcufinder/plugins/mcufinder/ => /home/barin/.stmcufinder/plugins/mcufinder
2025-04-24 11:56:18,747 [WARN] DbFile:41 - Overriding database path with different value: /home/barin/.stmcufinder/plugins/mcufinder/ => /home/barin/.stmcufinder/plugins/mcufinder
2025-04-24 11:56:18,747 [INFO] CrossReferenceDbSqlite:203 - Set database path to: /home/barin/.stmcufinder/plugins/mcufinder//mcu/cs/
2025-04-24 11:56:18,893 [INFO] MainPanel:272 - HeapMemory: 268435456
2025-04-24 11:56:19,138 [INFO] DbMcusXml:78 - Set database path to: /opt/st/stm32cubeide_1.18.1/plugins/com.st.stm32cube.common.mx_6.14.1.202504091515//db//mcu/
2025-04-24 11:56:19,138 [INFO] ApiDb:274 - Set plugin database path to: /opt/st/stm32cubeide_1.18.1/plugins/com.st.stm32cube.common.mx_6.14.1.202504091515//db//plugins/boardmanager/
2025-04-24 11:56:19,138 [INFO] ApiDb:261 - Set plugin images path to: /opt/st/stm32cubeide_1.18.1/plugins/com.st.stm32cube.common.mx_6.14.1.202504091515//db//plugins/mcufinder/images/
2025-04-24 11:56:19,139 [WARN] DbFile:41 - Overriding database path with different value: /home/barin/.stmcufinder/plugins/mcufinder/ => /home/barin/.stmcufinder/plugins/mcufinder
2025-04-24 11:56:19,139 [INFO] ApiDb:250 - Set database path to: /home/barin/.stmcufinder/plugins/mcufinder//mcu/
2025-04-24 11:56:19,139 [WARN] DbFile:41 - Overriding database path with different value: /home/barin/.stmcufinder/plugins/mcufinder/ => /home/barin/.stmcufinder/plugins/mcufinder
2025-04-24 11:56:19,140 [INFO] DbMcusAds:125 - Set database path to: /home/barin/.stmcufinder/plugins/mcufinder//mcu/
2025-04-24 11:56:19,140 [WARN] DbFile:41 - Overriding database path with different value: /home/barin/.stmcufinder/plugins/mcufinder/ => /home/barin/.stmcufinder/plugins/mcufinder
2025-04-24 11:56:19,140 [WARN] DbFile:41 - Overriding database path with different value: /home/barin/.stmcufinder/plugins/mcufinder/ => /home/barin/.stmcufinder/plugins/mcufinder
2025-04-24 11:56:19,140 [INFO] CrossReferenceDbSqlite:203 - Set database path to: /home/barin/.stmcufinder/plugins/mcufinder//mcu/cs/
2025-04-24 11:56:19,163 [INFO] ApplicationProperties:184 - Using Application install path: /opt/st/stm32cubeide_1.18.1/plugins/com.st.stm32cube.common.mx_6.14.1.202504091515
2025-04-24 11:56:19,166 [INFO] PluginManage:196 - Search for loadable plugins [exclusion list=, ]
2025-04-24 11:56:19,168 [INFO] PluginManage:310 - Check plugin analytics
2025-04-24 11:56:19,424 [INFO] AnalyticsPlugin:253 - Accepted Software Licenses: 
2025-04-24 11:56:19,425 [INFO] AnalyticsPlugin:255 - Accepted CMSIS Pack Licenses: 
2025-04-24 11:56:19,425 [INFO] AnalyticsPlugin:257 - Accepted Firmware Licenses: 
2025-04-24 11:56:19,430 [INFO] PluginManage:359 - Loaded plugin analytics (category:tool,tabindex:-1)
2025-04-24 11:56:19,431 [INFO] PluginManage:310 - Check plugin cadmodel
2025-04-24 11:56:19,440 [INFO] CADModel:105 - Init CAD model plugin
2025-04-24 11:56:19,440 [INFO] PluginManage:359 - Loaded plugin cadmodel (category:power,tabindex:5)
2025-04-24 11:56:19,441 [INFO] PluginManage:310 - Check plugin clock
2025-04-24 11:56:19,458 [INFO] PluginManage:359 - Loaded plugin clock (category:base,tabindex:2)
2025-04-24 11:56:19,458 [INFO] PluginManage:310 - Check plugin ddr
2025-04-24 11:56:19,463 [INFO] PluginManage:359 - Loaded plugin ddr (category:tool,tabindex:6)
2025-04-24 11:56:19,463 [INFO] PluginManage:310 - Check plugin filemanager
2025-04-24 11:56:19,737 [INFO] PluginManage:359 - Loaded plugin filemanager (category:base,tabindex:10)
2025-04-24 11:56:19,737 [INFO] PluginManage:310 - Check plugin ipmanager
2025-04-24 11:56:19,748 [INFO] PluginManage:359 - Loaded plugin ipmanager (category:base,tabindex:5)
2025-04-24 11:56:19,749 [INFO] PluginManage:310 - Check plugin lpbam
2025-04-24 11:56:19,769 [INFO] PluginManage:359 - Loaded plugin lpbam (category:base,tabindex:0)
2025-04-24 11:56:19,769 [INFO] PluginManage:310 - Check plugin memorymap
2025-04-24 11:56:19,794 [INFO] PluginManage:359 - Loaded plugin memorymap (category:base,tabindex:4)
2025-04-24 11:56:19,795 [INFO] PluginManage:310 - Check plugin pinoutandconfiguration
2025-04-24 11:56:19,817 [INFO] PluginManage:359 - Loaded plugin pinoutandconfiguration (category:base,tabindex:1)
2025-04-24 11:56:19,817 [INFO] PluginManage:310 - Check plugin pinoutconfig
2025-04-24 11:56:19,956 [WARN] SupportedApi:132 - Cannot load RTOS API schema: s4s-elt-must-match.1: The content of 'definitions' must match (annotation?, (simpleType | complexType)?, (unique | key | keyref)*)). A problem was found starting at: attribute.
2025-04-24 11:56:20,214 [INFO] PluginManage:359 - Loaded plugin pinoutconfig (category:base,tabindex:0)
2025-04-24 11:56:20,215 [INFO] PluginManage:310 - Check plugin power
2025-04-24 11:56:20,233 [INFO] PluginManage:359 - Loaded plugin power (category:power,tabindex:4)
2025-04-24 11:56:20,234 [INFO] PluginManage:310 - Check plugin projectmanager
2025-04-24 11:56:20,262 [INFO] PluginManage:359 - Loaded plugin projectmanager (category:projectmanager,tabindex:4)
2025-04-24 11:56:20,262 [INFO] PluginManage:310 - Check plugin rif
2025-04-24 11:56:20,276 [INFO] PluginManage:359 - Loaded plugin rif (category:base,tabindex:3)
2025-04-24 11:56:20,277 [INFO] PluginManage:310 - Check plugin thirdparty
2025-04-24 11:56:20,690 [WARN] IntegrityCheckThread:84 - waiting for thirdparty lock release [integrity check]
2025-04-24 11:56:20,690 [INFO] PluginManage:359 - Loaded plugin thirdparty (category:base,tabindex:-1)
2025-04-24 11:56:20,691 [INFO] IntegrityCheckThread:86 - entering critical section [integrity check]
2025-04-24 11:56:20,691 [INFO] PluginManage:310 - Check plugin tools
2025-04-24 11:56:20,691 [INFO] ThirdPartyUpdaterWithRetryManager:70 - Updater plugin not ready yet. [1/15]
2025-04-24 11:56:20,705 [INFO] PluginManage:359 - Loaded plugin tools (category:base,tabindex:7)
2025-04-24 11:56:20,705 [INFO] PluginManage:310 - Check plugin tutovideos
2025-04-24 11:56:21,113 [INFO] PluginManage:359 - Loaded plugin tutovideos (category:base,tabindex:-1)
2025-04-24 11:56:21,113 [INFO] PluginManage:310 - Check plugin updater
2025-04-24 11:56:21,168 [INFO] PluginManage:359 - Loaded plugin updater (category:base,tabindex:12)
2025-04-24 11:56:21,168 [INFO] PluginManage:310 - Check plugin userauth
2025-04-24 11:56:21,175 [INFO] UserAuth:118 - Init User Auth plugin
2025-04-24 11:56:21,177 [INFO] PluginManage:359 - Loaded plugin userauth (category:base,tabindex:14)
2025-04-24 11:56:21,178 [INFO] PluginManage:283 - PluginManage : Loaded plugins [18]
2025-04-24 11:56:21,463 [INFO] PinOutPanel:1589 - setPackage(No Configuration,No Configuration)
2025-04-24 11:56:21,583 [INFO] CADModel:165 - CPN selected for project level
2025-04-24 11:56:21,583 [INFO] CADModel:114 - Register for checkConnection events
2025-04-24 11:56:21,607 [INFO] IPUIPlugin:80 - create IPUIPlugin
2025-04-24 11:56:21,607 [INFO] PluginManager:220 - loadIPPluginJar : add fatfs
2025-04-24 11:56:21,616 [INFO] IPUIPlugin:80 - create IPUIPlugin
2025-04-24 11:56:21,617 [INFO] PluginManager:220 - loadIPPluginJar : add dma3
2025-04-24 11:56:21,621 [INFO] IPUIPlugin:80 - create IPUIPlugin
2025-04-24 11:56:21,623 [INFO] PluginManager:220 - loadIPPluginJar : add radio
2025-04-24 11:56:21,627 [INFO] IPUIPlugin:80 - create IPUIPlugin
2025-04-24 11:56:21,628 [INFO] PluginManager:220 - loadIPPluginJar : add quadspi
2025-04-24 11:56:21,638 [INFO] IPUIPlugin:80 - create IPUIPlugin
2025-04-24 11:56:21,639 [INFO] PluginManager:220 - loadIPPluginJar : add extmemmanager
2025-04-24 11:56:21,649 [INFO] IPUIPlugin:80 - create IPUIPlugin
2025-04-24 11:56:21,649 [INFO] PluginManager:220 - loadIPPluginJar : add ipddr
2025-04-24 11:56:21,657 [INFO] IPUIPlugin:80 - create IPUIPlugin
2025-04-24 11:56:21,658 [INFO] PluginManager:220 - loadIPPluginJar : add can
2025-04-24 11:56:21,682 [INFO] IPUIPlugin:80 - create IPUIPlugin
2025-04-24 11:56:21,683 [INFO] PluginManager:220 - loadIPPluginJar : add mdma
2025-04-24 11:56:21,692 [INFO] IPUIPlugin:80 - create IPUIPlugin
2025-04-24 11:56:21,693 [INFO] PluginManager:220 - loadIPPluginJar : add touchsensing
2025-04-24 11:56:21,700 [INFO] IPUIPlugin:80 - create IPUIPlugin
2025-04-24 11:56:21,700 [INFO] PluginManager:220 - loadIPPluginJar : add lorawan
2025-04-24 11:56:21,706 [INFO] IPUIPlugin:80 - create IPUIPlugin
2025-04-24 11:56:21,707 [INFO] PluginManager:220 - loadIPPluginJar : add tracer_emb
2025-04-24 11:56:21,715 [INFO] IPUIPlugin:80 - create IPUIPlugin
2025-04-24 11:56:21,716 [INFO] PluginManager:220 - loadIPPluginJar : add dfsdm
2025-04-24 11:56:21,737 [INFO] IPUIPlugin:80 - create IPUIPlugin
2025-04-24 11:56:21,738 [INFO] PluginManager:220 - loadIPPluginJar : add stm32_wpan
2025-04-24 11:56:21,753 [INFO] IPUIPlugin:80 - create IPUIPlugin
2025-04-24 11:56:21,754 [INFO] PluginManager:220 - loadIPPluginJar : add i2c
2025-04-24 11:56:21,781 [INFO] IPUIPlugin:80 - create IPUIPlugin
2025-04-24 11:56:21,781 [INFO] PluginManager:220 - loadIPPluginJar : add adc
2025-04-24 11:56:21,786 [INFO] IPUIPlugin:80 - create IPUIPlugin
2025-04-24 11:56:21,787 [INFO] PluginManager:220 - loadIPPluginJar : add gfxmmu
2025-04-24 11:56:21,794 [INFO] IPUIPlugin:80 - create IPUIPlugin
2025-04-24 11:56:21,794 [INFO] PluginManager:220 - loadIPPluginJar : add usbx
2025-04-24 11:56:21,798 [INFO] IPUIPlugin:80 - create IPUIPlugin
2025-04-24 11:56:21,798 [INFO] PluginManager:220 - loadIPPluginJar : add ltdc
2025-04-24 11:56:21,802 [INFO] IPUIPlugin:80 - create IPUIPlugin
2025-04-24 11:56:21,802 [INFO] PluginManager:220 - loadIPPluginJar : add comp
2025-04-24 11:56:21,809 [INFO] IPUIPlugin:80 - create IPUIPlugin
2025-04-24 11:56:21,809 [INFO] PluginManager:220 - loadIPPluginJar : add ddr_ctrl_phy
2025-04-24 11:56:21,821 [INFO] IPUIPlugin:80 - create IPUIPlugin
2025-04-24 11:56:21,821 [INFO] PluginManager:220 - loadIPPluginJar : add freertos
2025-04-24 11:56:21,826 [INFO] IPUIPlugin:80 - create IPUIPlugin
2025-04-24 11:56:21,827 [INFO] PluginManager:220 - loadIPPluginJar : add pdm2pcm
2025-04-24 11:56:21,832 [INFO] IPUIPlugin:80 - create IPUIPlugin
2025-04-24 11:56:21,833 [INFO] PluginManager:220 - loadIPPluginJar : add spi
2025-04-24 11:56:21,836 [INFO] IPUIPlugin:80 - create IPUIPlugin
2025-04-24 11:56:21,837 [INFO] PluginManager:220 - loadIPPluginJar : add ts
2025-04-24 11:56:21,840 [INFO] IPUIPlugin:80 - create IPUIPlugin
2025-04-24 11:56:21,840 [INFO] PluginManager:220 - loadIPPluginJar : add genericplugin
2025-04-24 11:56:21,845 [INFO] IPUIPlugin:80 - create IPUIPlugin
2025-04-24 11:56:21,846 [INFO] PluginManager:220 - loadIPPluginJar : add opamp
2025-04-24 11:56:21,850 [INFO] IPUIPlugin:80 - create IPUIPlugin
2025-04-24 11:56:21,851 [INFO] PluginManager:220 - loadIPPluginJar : add cryp
2025-04-24 11:56:21,854 [INFO] IPUIPlugin:80 - create IPUIPlugin
2025-04-24 11:56:21,854 [INFO] PluginManager:220 - loadIPPluginJar : add tim
2025-04-24 11:56:21,858 [INFO] IPUIPlugin:80 - create IPUIPlugin
2025-04-24 11:56:21,858 [INFO] PluginManager:220 - loadIPPluginJar : add ucpd
2025-04-24 11:56:21,869 [INFO] IPUIPlugin:80 - create IPUIPlugin
2025-04-24 11:56:21,869 [INFO] PluginManager:220 - loadIPPluginJar : add gic
2025-04-24 11:56:21,877 [INFO] IPUIPlugin:80 - create IPUIPlugin
2025-04-24 11:56:21,878 [INFO] PluginManager:220 - loadIPPluginJar : add openamp
2025-04-24 11:56:21,885 [INFO] IPUIPlugin:80 - create IPUIPlugin
2025-04-24 11:56:21,885 [INFO] PluginManager:220 - loadIPPluginJar : add sai
2025-04-24 11:56:21,890 [INFO] IPUIPlugin:80 - create IPUIPlugin
2025-04-24 11:56:21,891 [INFO] PluginManager:220 - loadIPPluginJar : add usart
2025-04-24 11:56:21,903 [INFO] IPUIPlugin:80 - create IPUIPlugin
2025-04-24 11:56:21,903 [INFO] PluginManager:220 - loadIPPluginJar : add linkedlist
2025-04-24 11:56:21,908 [INFO] IPUIPlugin:80 - create IPUIPlugin
2025-04-24 11:56:21,908 [INFO] PluginManager:220 - loadIPPluginJar : add i3c
2025-04-24 11:56:21,916 [INFO] IPUIPlugin:80 - create IPUIPlugin
2025-04-24 11:56:21,917 [INFO] PluginManager:220 - loadIPPluginJar : add nvic
2025-04-24 11:56:21,920 [INFO] IPUIPlugin:80 - create IPUIPlugin
2025-04-24 11:56:21,920 [INFO] PluginManager:220 - loadIPPluginJar : add tsc
2025-04-24 11:56:21,925 [INFO] IPUIPlugin:80 - create IPUIPlugin
2025-04-24 11:56:21,926 [INFO] PluginManager:220 - loadIPPluginJar : add gtzc
2025-04-24 11:56:21,931 [INFO] IPUIPlugin:80 - create IPUIPlugin
2025-04-24 11:56:21,932 [INFO] PluginManager:220 - loadIPPluginJar : add i2s
2025-04-24 11:56:21,939 [INFO] IPUIPlugin:80 - create IPUIPlugin
2025-04-24 11:56:21,939 [INFO] PluginManager:220 - loadIPPluginJar : add resmgrutility
2025-04-24 11:56:21,949 [INFO] IPUIPlugin:80 - create IPUIPlugin
2025-04-24 11:56:21,949 [INFO] PluginManager:220 - loadIPPluginJar : add dma
2025-04-24 11:56:21,957 [INFO] IPUIPlugin:80 - create IPUIPlugin
2025-04-24 11:56:21,957 [INFO] PluginManager:220 - loadIPPluginJar : add fmc
2025-04-24 11:56:21,962 [INFO] IPUIPlugin:80 - create IPUIPlugin
2025-04-24 11:56:21,962 [INFO] PluginManager:220 - loadIPPluginJar : add aes
2025-04-24 11:56:21,971 [INFO] IPUIPlugin:80 - create IPUIPlugin
2025-04-24 11:56:21,972 [INFO] PluginManager:220 - loadIPPluginJar : add gpio
2025-04-24 11:56:21,986 [INFO] IPUIPlugin:80 - create IPUIPlugin
2025-04-24 11:56:21,990 [INFO] PluginManager:220 - loadIPPluginJar : add plateformsettings
2025-04-24 11:56:21,995 [INFO] IPUIPlugin:80 - create IPUIPlugin
2025-04-24 11:56:21,995 [INFO] PluginManager:220 - loadIPPluginJar : add hash
2025-04-24 11:56:22,127 [FATAL] Updater:351 - Updater called before beeing initialized
2025-04-24 11:56:22,178 [INFO] RulesReader:64 - Compatibility file has been processed (302 Rules)
2025-04-24 11:56:22,197 [INFO] RulesReader:64 - Compatibility file has been processed (302 Rules)
2025-04-24 11:56:22,210 [INFO] CADModel:165 - CPN selected for project level
2025-04-24 11:56:22,210 [INFO] CADModel:114 - Register for checkConnection events
2025-04-24 11:56:22,210 [FATAL] Updater:351 - Updater called before beeing initialized
2025-04-24 11:56:22,211 [ERROR] CADModel:125 - Updater not yet initialized, retry later 
2025-04-24 11:56:22,436 [FATAL] Updater:351 - Updater called before beeing initialized
2025-04-24 11:56:22,439 [INFO] CADModel:165 - CPN selected for project level
2025-04-24 11:56:22,440 [INFO] CADModel:114 - Register for checkConnection events
2025-04-24 11:56:22,440 [FATAL] Updater:351 - Updater called before beeing initialized
2025-04-24 11:56:22,440 [ERROR] CADModel:125 - Updater not yet initialized, retry later 
2025-04-24 11:56:22,447 [FATAL] Updater:351 - Updater called before beeing initialized
2025-04-24 11:56:22,601 [FATAL] Updater:351 - Updater called before beeing initialized
2025-04-24 11:56:22,608 [INFO] DbMcusAds:53 - JSON generation date=Thu Mar 06 16:54:22 EET 2025 (1741272862204)
2025-04-24 11:56:22,608 [FATAL] Updater:351 - Updater called before beeing initialized
2025-04-24 11:56:22,669 [WARN] DetailPanel:346 - Failed to get advertising image, set to default
2025-04-24 11:56:23,068 [FATAL] Updater:351 - Updater called before beeing initialized
2025-04-24 11:56:23,074 [FATAL] Updater:351 - Updater called before beeing initialized
2025-04-24 11:56:23,074 [FATAL] Updater:351 - Updater called before beeing initialized
2025-04-24 11:56:23,074 [WARN] DetailPanel:346 - Failed to get advertising image, set to default
2025-04-24 11:56:23,077 [FATAL] Updater:351 - Updater called before beeing initialized
2025-04-24 11:56:23,157 [ERROR] Updater:1198 - MainUpdater not yet initialized. External WinMGr cannot be set.
2025-04-24 11:56:23,163 [INFO] Updater:1134 - Updater Version found : 6.14.1
2025-04-24 11:56:23,236 [INFO] ApplicationProperties:184 - Using Application install path: /opt/st/stm32cubeide_1.18.1/plugins/com.st.stm32cube.common.mx_6.14.1.202504091515
2025-04-24 11:56:23,655 [INFO] MainUpdater:2872 - connection check result : 10
2025-04-24 11:56:23,656 [INFO] MainUpdater:289 - Updater Check For Update Now.
2025-04-24 11:56:23,657 [INFO] MicroXplorer:498 - Change Database Version : DB.6.0.141
2025-04-24 11:56:23,673 [INFO] McuFinderGlobals:63 - Set McuFinder mode to 2 (CubeIDE integrated)
2025-04-24 11:56:23,681 [INFO] UserAuth:484 - Internet connection configuration mode: 1
2025-04-24 11:56:23,693 [WARN] MainUpdater:1193 - Updater busy. Cannot search thirdparties
2025-04-24 11:56:23,694 [INFO] ThirdPartyUpdaterWithRetryManager:96 - Updater plugin is busy. [1/15]
2025-04-24 11:56:23,742 [INFO] JxBrowserEngine:152 - Initiate JxBrowser Engine with user profile folder
2025-04-24 11:56:23,929 [INFO] CheckServerUpdateThread:120 - End of CheckServer Thread
2025-04-24 11:56:25,674 [INFO] WebApp:169 - Instantiating new browser for Auth
2025-04-24 11:56:27,135 [WARN] PackLoader:240 - Cannot read IP mode file for STMicroelectronics.FP-SNS-MOTENVWB1.1.4.0
2025-04-24 11:56:27,145 [INFO] WebApp:463 - Apply proxy settings
2025-04-24 11:56:27,145 [INFO] WebApp:548 - Chromium requires no authentication
2025-04-24 11:56:27,153 [WARN] PackLoader:240 - Cannot read IP mode file for STMicroelectronics.FP-ATR-ASTRA1.2.0.2
2025-04-24 11:56:27,169 [INFO] WebApp:491 - Direct internet connection detected
2025-04-24 11:56:27,171 [WARN] PackLoader:240 - Cannot read IP mode file for STMicroelectronics.X-CUBE-SMBUS.2.1.0
2025-04-24 11:56:27,194 [WARN] PackLoader:240 - Cannot read IP mode file for STMicroelectronics.X-CUBE-WB05N.1.1.0
2025-04-24 11:56:27,231 [INFO] WebApp:894 - Register for checkConnection events
2025-04-24 11:56:27,232 [INFO] WebApp:463 - Apply proxy settings
2025-04-24 11:56:27,232 [INFO] WebApp:548 - Chromium requires no authentication
2025-04-24 11:56:27,235 [INFO] WebApp:491 - Direct internet connection detected
2025-04-24 11:56:27,282 [WARN] PackLoader:240 - Cannot read IP mode file for STMicroelectronics.X-CUBE-AZRTOS-F7.1.1.0
2025-04-24 11:56:27,393 [WARN] PackLoader:240 - Cannot read IP mode file for Infineon.AIROC-Wi-Fi-Bluetooth-STM32.1.7.0
2025-04-24 11:56:27,423 [WARN] PackLoader:240 - Cannot read IP mode file for STMicroelectronics.X-CUBE-DISPLAY.3.0.0
2025-04-24 11:56:27,459 [WARN] PackLoader:240 - Cannot read IP mode file for STMicroelectronics.X-CUBE-NFC10.1.0.0
2025-04-24 11:56:27,515 [WARN] PackLoader:240 - Cannot read IP mode file for STMicroelectronics.X-CUBE-BLEMGR.4.0.0
2025-04-24 11:56:27,537 [WARN] PackLoader:240 - Cannot read IP mode file for emotas.I-CUBE-CANOPEN.1.3.0
2025-04-24 11:56:27,550 [WARN] ConditionMgr:438 - getConditionDescription Invalid condition id : Cortex-A Device cause : null
2025-04-24 11:56:27,574 [INFO] WebApp:191 - Connection restablished
2025-04-24 11:56:27,608 [WARN] ConditionMgr:1044 - genDependencies : Invalid condition id : Cortex-A Device cause : null
2025-04-24 11:56:27,608 [WARN] ConditionMgr:1044 - genDependencies : Invalid condition id : Cortex-A Device cause : null
2025-04-24 11:56:27,609 [WARN] ConditionMgr:1044 - genDependencies : Invalid condition id : Cortex-A Device cause : null
2025-04-24 11:56:27,624 [WARN] PackLoader:240 - Cannot read IP mode file for STMicroelectronics.X-CUBE-AI.10.0.0
2025-04-24 11:56:27,644 [WARN] PackLoader:240 - Cannot read IP mode file for STMicroelectronics.FP-SNS-SMARTAG2.1.2.0
2025-04-24 11:56:27,662 [WARN] PackLoader:240 - Cannot read IP mode file for STMicroelectronics.FP-SNS-FLIGHT1.5.1.0
2025-04-24 11:56:27,706 [INFO] LogOutputStream:77 - [STDOUT_REDIRECT] 1 : Invalid condition id : UX_CORESTACK_Condition cause : null
2025-04-24 11:56:27,708 [INFO] LogOutputStream:77 - [STDOUT_REDIRECT] 1 : Invalid condition id : UX_CORESTACK_Condition cause : null
2025-04-24 11:56:27,708 [INFO] LogOutputStream:77 - [STDOUT_REDIRECT] 1 : Invalid condition id : UX_CORESTACK_Condition cause : null
2025-04-24 11:56:27,708 [INFO] LogOutputStream:77 - [STDOUT_REDIRECT] 1 : Invalid condition id : UX_CORESTACK_Condition cause : null
2025-04-24 11:56:27,709 [INFO] LogOutputStream:77 - [STDOUT_REDIRECT] 1 : Invalid condition id : UX_CORESTACK_Condition cause : null
2025-04-24 11:56:27,723 [WARN] PackLoader:240 - Cannot read IP mode file for STMicroelectronics.X-CUBE-AZRTOS-WL.2.0.0
2025-04-24 11:56:27,744 [WARN] PackLoader:240 - Cannot read IP mode file for STMicroelectronics.FP-SNS-MOTENV1.5.0.0
2025-04-24 11:56:27,773 [WARN] PackLoader:240 - Cannot read IP mode file for WES.I-CUBE-Cesium.1.3.0
2025-04-24 11:56:27,784 [WARN] PackLoader:240 - Cannot read IP mode file for STMicroelectronics.X-CUBE-BLE2.3.3.0
2025-04-24 11:56:27,813 [WARN] PackLoader:240 - Cannot read IP mode file for STMicroelectronics.X-CUBE-NFC9.1.0.0
2025-04-24 11:56:27,831 [WARN] PackLoader:240 - Cannot read IP mode file for STMicroelectronics.X-CUBE-BLE1.7.1.0
2025-04-24 11:56:27,845 [WARN] PackLoader:240 - Cannot read IP mode file for wolfSSL.I-CUBE-wolfMQTT.1.19.2
2025-04-24 11:56:27,978 [INFO] WebApp:225 - Starting web application
2025-04-24 11:56:27,978 [INFO] WebApp:593 - Web application path used /opt/st/stm32cubeide_1.18.1/plugins/com.st.stm32cube.common.mx_6.14.1.202504091515/db/plugins/mcufinder/reactClient1/index.html
2025-04-24 11:56:28,020 [WARN] PackLoader:240 - Cannot read IP mode file for STMicroelectronics.X-CUBE-MEMS1.11.2.0
2025-04-24 11:56:28,430 [INFO] UserAuth:484 - Internet connection configuration mode: 1
2025-04-24 11:56:28,607 [WARN] PackLoader:240 - Cannot read IP mode file for STMicroelectronics.X-CUBE-AZRTOS-G0.1.1.0
2025-04-24 11:56:28,652 [WARN] PackLoader:240 - Cannot read IP mode file for STMicroelectronics.X-CUBE-SAFEA1.1.2.2
2025-04-24 11:56:28,697 [WARN] PackLoader:240 - Cannot read IP mode file for STMicroelectronics.X-CUBE-NFC4.3.0.0
2025-04-24 11:56:28,747 [WARN] PackLoader:240 - Cannot read IP mode file for EmbeddedOffice.I-CUBE-FS-RTOS.1.0.1
2025-04-24 11:56:28,781 [WARN] PackLoader:240 - Cannot read IP mode file for STMicroelectronics.X-CUBE-WB05N.2.0.0
2025-04-24 11:56:28,796 [WARN] PackLoader:240 - Cannot read IP mode file for wolfSSL.I-CUBE-wolfTPM.3.8.0
2025-04-24 11:56:28,813 [WARN] PackLoader:240 - Cannot read IP mode file for STMicroelectronics.X-CUBE-TCPP.4.2.0
2025-04-24 11:56:28,839 [WARN] PackLoader:240 - Cannot read IP mode file for RealThread.X-CUBE-RT-Thread_Nano.4.1.1
2025-04-24 11:56:28,924 [WARN] PackLoader:240 - Cannot read IP mode file for STMicroelectronics.FP-ATR-SIGFOX1.3.2.0
2025-04-24 11:56:28,964 [WARN] PackLoader:240 - Cannot read IP mode file for STMicroelectronics.X-CUBE-EEPRMA1.5.1.0
2025-04-24 11:56:28,985 [WARN] PackLoader:240 - Cannot read IP mode file for wolfSSL.I-CUBE-wolfSSL.5.7.6
2025-04-24 11:56:29,005 [WARN] PackLoader:240 - Cannot read IP mode file for ITTIA_DB.I-CUBE-ITTIADB.8.9.0
2025-04-24 11:56:29,170 [WARN] PackLoader:240 - Cannot read IP mode file for SEGGER.I-CUBE-embOS.1.3.1
2025-04-24 11:56:29,405 [WARN] PackLoader:240 - Cannot read IP mode file for STMicroelectronics.X-CUBE-ALGOBUILD.1.4.0
2025-04-24 11:56:29,457 [WARN] PackLoader:240 - Cannot read IP mode file for STMicroelectronics.X-CUBE-AZRTOS-F4.1.1.0
2025-04-24 11:56:29,475 [WARN] PackLoader:240 - Cannot read IP mode file for Avnet-IotConnect.X-CUBE-IoTC-DA16k-PMOD.1.0.0
2025-04-24 11:56:29,482 [WARN] PackLoader:240 - Cannot read IP mode file for STMicroelectronics.X-CUBE-ISPU.2.1.0
2025-04-24 11:56:29,547 [WARN] PackLoader:240 - Cannot read IP mode file for STMicroelectronics.X-CUBE-AZRTOS-L5.2.0.0
2025-04-24 11:56:29,591 [WARN] PackLoader:240 - Cannot read IP mode file for STMicroelectronics.X-CUBE-NFC6.3.1.0
2025-04-24 11:56:29,622 [WARN] PackLoader:240 - Cannot read IP mode file for STMicroelectronics.X-CUBE-FREERTOS.1.3.0
2025-04-24 11:56:29,643 [WARN] PackLoader:240 - Cannot read IP mode file for STMicroelectronics.X-CUBE-NFC7.1.0.1
2025-04-24 11:56:29,674 [WARN] PackLoader:240 - Cannot read IP mode file for STMicroelectronics.X-CUBE-DPower.1.3.0
2025-04-24 11:56:29,748 [WARN] ConditionMgr:438 - getConditionDescription Invalid condition id : LAN8742 Phy interface Condition cause : null
2025-04-24 11:56:29,750 [WARN] PackLoader:240 - Cannot read IP mode file for STMicroelectronics.X-CUBE-AZRTOS-L4.2.0.0
2025-04-24 11:56:29,755 [WARN] ConditionMgr:1044 - genDependencies : Invalid condition id : LAN8742 Phy interface Condition cause : null
2025-04-24 11:56:29,756 [WARN] ConditionMgr:1044 - genDependencies : Invalid condition id : LAN8742 Phy interface Condition cause : null
2025-04-24 11:56:29,760 [WARN] ConditionMgr:1044 - genDependencies : Invalid condition id : LAN8742 Phy interface Condition cause : null
2025-04-24 11:56:29,798 [WARN] PackLoader:240 - Cannot read IP mode file for STMicroelectronics.X-CUBE-SFXS2LP1.4.0.0
2025-04-24 11:56:29,849 [WARN] PackLoader:240 - Cannot read IP mode file for STMicroelectronics.X-CUBE-AZRTOS-H7.3.3.0
2025-04-24 11:56:29,902 [WARN] ConditionMgr:438 - getConditionDescription Invalid condition id : UX DEVICE CLASS RTOS Condition cause : null
2025-04-24 11:56:29,903 [WARN] ConditionMgr:438 - getConditionDescription Invalid condition id : UX DEVICE CLASS RTOS Condition cause : null
2025-04-24 11:56:29,907 [WARN] PackLoader:240 - Cannot read IP mode file for STMicroelectronics.X-CUBE-AZRTOS-WB.2.0.0
2025-04-24 11:56:29,908 [WARN] ConditionMgr:1044 - genDependencies : Invalid condition id : UX DEVICE CLASS RTOS Condition cause : null
2025-04-24 11:56:29,908 [WARN] ConditionMgr:1044 - genDependencies : Invalid condition id : UX DEVICE CLASS RTOS Condition cause : null
2025-04-24 11:56:29,909 [WARN] ConditionMgr:1044 - genDependencies : Invalid condition id : UX DEVICE CLASS RTOS Condition cause : null
2025-04-24 11:56:29,910 [WARN] ConditionMgr:1044 - genDependencies : Invalid condition id : UX DEVICE CLASS RTOS Condition cause : null
2025-04-24 11:56:29,910 [WARN] ConditionMgr:1044 - genDependencies : Invalid condition id : UX DEVICE CLASS RTOS Condition cause : null
2025-04-24 11:56:29,923 [WARN] PackLoader:240 - Cannot read IP mode file for STMicroelectronics.X-CUBE-GNSS1.7.0.1
2025-04-24 11:56:29,933 [WARN] PackLoader:240 - Cannot read IP mode file for STMicroelectronics.X-CUBE-TOUCHGFX.4.25.0
2025-04-24 11:56:29,948 [WARN] PackLoader:240 - Cannot read IP mode file for STMicroelectronics.FP-SNS-STBOX1.2.0.0
2025-04-24 11:56:29,974 [WARN] PackLoader:240 - Cannot read IP mode file for STMicroelectronics.X-CUBE-SUBG2.5.0.0
2025-04-24 11:56:30,019 [WARN] PackLoader:240 - Cannot read IP mode file for STMicroelectronics.X-CUBE-AZRTOS-H7RS.1.1.0
2025-04-24 11:56:30,029 [WARN] PackLoader:240 - Cannot read IP mode file for Cesanta.I-CUBE-Mongoose.7.13.0
2025-04-24 11:56:30,059 [WARN] PackLoader:240 - Cannot read IP mode file for STMicroelectronics.X-CUBE-AZRTOS-G4.2.0.0
2025-04-24 11:56:30,072 [WARN] PackLoader:240 - Cannot read IP mode file for wolfSSL.I-CUBE-wolfSSH.1.4.20
2025-04-24 11:56:30,103 [WARN] PackLoader:240 - Cannot read IP mode file for STMicroelectronics.X-CUBE-IPS.3.1.0
2025-04-24 11:56:30,133 [WARN] PackLoader:240 - Cannot read IP mode file for STMicroelectronics.X-CUBE-ALS.1.0.2
2025-04-24 11:56:30,144 [WARN] PackLoader:240 - Cannot read IP mode file for portGmbH.I-Cube-SoM-uGOAL.1.1.0
2025-04-24 11:56:30,160 [WARN] PackLoader:240 - Cannot read IP mode file for STMicroelectronics.X-CUBE-TOF1.3.4.3
2025-04-24 11:56:30,208 [INFO] ThirdParty:978 - Integrity check success = true
2025-04-24 11:56:30,209 [INFO] IntegrityCheckThread:100 - exiting critical section [integrity check]
2025-04-24 11:56:30,209 [INFO] IntegrityCheckThread:103 - End integrity checks thread
2025-04-24 12:31:49,745 [INFO] McuFinderGlobals:63 - Set McuFinder mode to 2 (CubeIDE integrated)
2025-04-24 12:31:51,121 [INFO] MainUpdater:2872 - connection check result : 10
2025-04-24 12:31:51,123 [INFO] MainUpdater:2872 - connection check result : 10
2025-04-24 12:31:51,192 [INFO] MicroXplorer:468 - Change Database Path : 
2025-04-24 12:31:51,193 [INFO] MicroXplorer:498 - Change Database Version : DB.6.0.141
2025-04-24 12:31:51,219 [WARN] ThirdParty:871 - waiting for thirdparty lock release [close project]
2025-04-24 12:31:51,219 [INFO] ThirdParty:873 - entering critical section [close project]
2025-04-24 12:31:51,222 [INFO] ThirdParty:883 - exiting critical section [close project]
2025-04-24 12:31:51,234 [INFO] PinOutPanel:1589 - setPackage(No Configuration,No Configuration)
2025-04-24 12:31:51,254 [INFO] UtilMem:75 - Begin LoadConfig() Used Memory: 381758296 Bytes (584056832)
2025-04-24 12:31:51,260 [INFO] MicroXplorer:468 - Change Database Path : 
2025-04-24 12:31:51,261 [INFO] MicroXplorer:498 - Change Database Version : DB.6.0.141
2025-04-24 12:31:51,262 [INFO] OpenFileManager:354 - Change cursor
2025-04-24 12:31:51,374 [INFO] Mcu:2011 - Initializing MCU STM32L010RBTx STM32L010RBTx STM32L010RBT6
2025-04-24 12:31:54,153 [INFO] Context:756 - Trying to add GPIOservice into a context  which must be forbidden
2025-04-24 12:31:54,680 [INFO] ImportTextPane:218 - (OptionalMessage_ERROR) Pin6 (VP_RIF_VS_RIF1) cannot be retrieved for this MCU
2025-04-24 12:31:55,275 [INFO] RtosManager:558 - Registered RTOS mode: class=CMSIS, group=RTOS, mode=CMSIS_V1, owner=FREERTOS
2025-04-24 12:31:55,276 [INFO] RtosManager:558 - Registered RTOS mode: class=CMSIS, group=RTOS2, mode=CMSIS_V2, owner=FREERTOS
2025-04-24 12:31:55,276 [INFO] RtosManager:558 - Registered RTOS mode: class=RTOS, group=Core, mode=CMSIS_V1, owner=FREERTOS
2025-04-24 12:31:55,276 [INFO] RtosManager:558 - Registered RTOS mode: class=RTOS, group=Core, mode=CMSIS_V2, owner=FREERTOS
2025-04-24 12:31:55,277 [WARN] ModelIntegratedComponent:184 - Missing modes for component STMicroelectronics:FreeRTOS:0.0.1:STMicroelectronics:RTOS:FreeRTOS:Core:::10.2.0:
2025-04-24 12:31:55,328 [WARN] ModelIntegratedComponent:63 - No mode defined for component null
2025-04-24 12:31:55,329 [WARN] ModelIntegratedComponent:63 - No mode defined for component null
2025-04-24 12:31:55,329 [WARN] ModelIntegratedComponent:63 - No mode defined for component null
2025-04-24 12:31:55,329 [WARN] ModelIntegratedComponent:63 - No mode defined for component null
2025-04-24 12:31:55,329 [WARN] ModelIntegratedComponent:63 - No mode defined for component null
2025-04-24 12:31:55,330 [WARN] ModelIntegratedComponent:63 - No mode defined for component null
2025-04-24 12:31:55,330 [WARN] ModelIntegratedComponent:63 - No mode defined for component null
2025-04-24 12:31:55,330 [WARN] ModelIntegratedComponent:63 - No mode defined for component null
2025-04-24 12:31:55,330 [WARN] ModelIntegratedComponent:63 - No mode defined for component null
2025-04-24 12:31:55,330 [WARN] ModelIntegratedComponent:63 - No mode defined for component null
2025-04-24 12:31:55,330 [WARN] ModelIntegratedComponent:63 - No mode defined for component null
2025-04-24 12:31:55,331 [WARN] ModelIntegratedComponent:63 - No mode defined for component null
2025-04-24 12:31:55,331 [WARN] ModelIntegratedComponent:63 - No mode defined for component null
2025-04-24 12:31:55,331 [WARN] ModelIntegratedComponent:63 - No mode defined for component null
2025-04-24 12:31:55,331 [WARN] ModelIntegratedComponent:63 - No mode defined for component null
2025-04-24 12:31:55,331 [WARN] ModelIntegratedComponent:63 - No mode defined for component null
2025-04-24 12:31:55,331 [WARN] ModelIntegratedComponent:63 - No mode defined for component null
2025-04-24 12:31:55,333 [WARN] ModelIntegratedComponent:63 - No mode defined for component null
2025-04-24 12:31:55,334 [WARN] ModelIntegratedComponent:63 - No mode defined for component null
2025-04-24 12:31:55,334 [WARN] ModelIntegratedComponent:63 - No mode defined for component null
2025-04-24 12:31:55,334 [WARN] ModelIntegratedComponent:63 - No mode defined for component null
2025-04-24 12:31:55,335 [WARN] ModelIntegratedComponent:63 - No mode defined for component null
2025-04-24 12:31:55,335 [WARN] ModelIntegratedComponent:63 - No mode defined for component null
2025-04-24 12:31:55,335 [WARN] ModelIntegratedComponent:63 - No mode defined for component null
2025-04-24 12:31:55,336 [WARN] ModelIntegratedComponent:63 - No mode defined for component null
2025-04-24 12:31:55,336 [WARN] ModelIntegratedComponent:63 - No mode defined for component null
2025-04-24 12:31:55,336 [WARN] ModelIntegratedComponent:63 - No mode defined for component null
2025-04-24 12:31:55,336 [WARN] ModelIntegratedComponent:63 - No mode defined for component null
2025-04-24 12:31:55,336 [WARN] ModelIntegratedComponent:63 - No mode defined for component null
2025-04-24 12:31:55,337 [WARN] ModelIntegratedComponent:63 - No mode defined for component null
2025-04-24 12:31:55,337 [WARN] ModelIntegratedComponent:63 - No mode defined for component null
2025-04-24 12:31:55,338 [WARN] ModelIntegratedComponent:63 - No mode defined for component null
2025-04-24 12:31:55,338 [WARN] ModelIntegratedComponent:63 - No mode defined for component null
2025-04-24 12:31:55,338 [WARN] ModelIntegratedComponent:63 - No mode defined for component null
2025-04-24 12:31:55,338 [WARN] ModelIntegratedComponent:63 - No mode defined for component null
2025-04-24 12:31:55,339 [WARN] ModelPack:524 - Component already loaded: STMicroelectronics:HAL Drivers:0.0.0:STMicroelectronics:Device:STMicro_Driver:XSPI:HAL::0.0.1:HAL_XSPI
2025-04-24 12:31:55,443 [INFO] ThirdPartyModel:298 - Start build external matchings
2025-04-24 12:31:56,073 [INFO] ThirdPartyModel:316 - End build external matchings
2025-04-24 12:31:56,460 [INFO] ApiDb:581 - Connected to CubeFinder SQLite database (/home/barin/.stmcufinder/plugins/mcufinder/mcu/cube-finder-db.db)
2025-04-24 12:31:56,574 [INFO] ApiDb:668 - CubeFinder database Data Model version=2.1
2025-04-24 12:31:56,575 [INFO] ApiDb:669 - CubeFinder database Configuration version=3.0.39
2025-04-24 12:31:56,575 [INFO] ApiDb:670 - CubeFinder database generation date=2025-03-24 (1742811287)
2025-04-24 12:31:56,575 [INFO] ApiDb:671 - CubeFinder database FW Pack versions=[FP-ATR-ASTRA1_V2.0.0, FP-SNS-FLIGHT1_V5.0.2, FP-SNS-MOTENV1_V5.0.0, FP-SNS-MOTENVWB1_V1.4.0, FP-SNS-SMARTAG2_V1.2.0, FP-SNS-STBOX1_V2.0.0, STM32Cube_FW_C0_V1.4.0, STM32Cube_FW_F4_V1.28.1, STM32Cube_FW_F7_V1.17.2, STM32Cube_FW_G0_V1.6.2, STM32Cube_FW_G4_V1.6.1, STM32Cube_FW_H5_V1.5.0, STM32Cube_FW_H7RS_V1.2.0, STM32Cube_FW_H7_V1.12.1, STM32Cube_FW_L0_V1.12.2, STM32Cube_FW_L4_V1.18.1, STM32Cube_FW_L5_V1.5.1, STM32Cube_FW_N6_V1.1.0, STM32Cube_FW_U0_V1.2.0, STM32Cube_FW_U3_V1.1.0, STM32Cube_FW_U5_V1.7.0, STM32Cube_FW_WB0_V1.2.0, STM32Cube_FW_WBA_V1.6.0, STM32Cube_FW_WB_V1.22.0, STM32Cube_FW_WL3_V1.1.0, STM32Cube_FW_WL_V1.3.1, X-CUBE-ALGOBUILD_V1.4.0, X-CUBE-ALS_V1.0.2, X-CUBE-AZRTOS-F4_V1.1.0, X-CUBE-AZRTOS-F7_V1.1.0, X-CUBE-AZRTOS-G0_V1.1.0, X-CUBE-AZRTOS-G4_V2.0.0, X-CUBE-AZRTOS-H7RS_V1.0.0, X-CUBE-AZRTOS-H7_V3.3.0, X-CUBE-AZRTOS-L4_V2.0.0, X-CUBE-AZRTOS-L5_V2.0.0, X-CUBE-AZRTOS-WB_V2.0.0, X-CUBE-AZRTOS-WL_V2.0.0, X-CUBE-BLE1_V7.1.0, X-CUBE-BLE2_V3.3.0, X-CUBE-BLEMGR_V4.0.0, X-CUBE-EEPRMA1_V5.1.0, X-CUBE-FREERTOS_V1.3.0, X-CUBE-GNSS1_V6.0.0, X-CUBE-MEMS1_V11.1.0, X-CUBE-NFC4_V3.0.0, X-CUBE-NFC7_V1.0.1, X-CUBE-SFXS2LP1_V4.0.0, X-CUBE-SUBG2_V5.0.0, X-CUBE-TOF1_V3.4.2]
2025-04-24 12:31:56,757 [INFO] DbBoardsSqlite:226 - include board P-NUCLEO-WB55-NUCLEO as a kit item of type 'Nucleo-64'
2025-04-24 12:31:56,758 [INFO] DbBoardsSqlite:226 - include board P-NUCLEO-WB55-USBDONGLE as a kit item of type 'Nucleo USB Dongle'
2025-04-24 12:31:56,760 [INFO] DbBoardsSqlite:226 - include board STEVAL-IDP005V1 as a kit item of type 'Evaluation Board'
2025-04-24 12:31:56,760 [INFO] DbBoardsSqlite:226 - include board STEVAL-IDP005V2 as a kit item of type 'Evaluation Board'
2025-04-24 12:31:57,057 [INFO] ApiDb:240 - Found 895 in-development CPN: [B-G473E-ZEST1S, B-WB1M-WPAN1, B-WBA5M-WPAN, B-WL5M-SUBG1, NUCLEO-C031C6, NUCLEO-C051C8, NUCLEO-C071RB, NUCLEO-C092RC, NUCLEO-H503RB, NUCLEO-H533RE, NUCLEO-H563ZI, NUCLEO-H7S3L8, NUCLEO-N657X0-Q, NUCLEO-U031R8, NUCLEO-U083RC, NUCLEO-U385RG-Q, NUCLEO-U545RE-Q, NUCLEO-U5A5ZJ-Q, NUCLEO-WB05KZ, NUCLEO-WB07CC, NUCLEO-WB09KE, NUCLEO-WBA52CG, NUCLEO-WBA55CG, NUCLEO-WBA65RI, NUCLEO-WL33CC1, NUCLEO-WL33CC2, STEVAL-PROTEUS1, STEVAL-SMARTAG2, STEVAL-STWINBX1, STM320518-EVAL, STM32C0116-DK, STM32C011D6Y3TR, STM32C011D6Y6TR, STM32C011F4P3, STM32C011F4P6, STM32C011F4U3, STM32C011F4U6TR, STM32C011F6P3, STM32C011F6P6, STM32C011F6U3, STM32C011F6U6TR, STM32C011J4M3, STM32C011J4M6, STM32C011J6M3, STM32C011J6M6, STM32C0316-DK, STM32C031C4T3, STM32C031C4T6, STM32C031C4U3, STM32C031C4U6, STM32C031C6T3, STM32C031C6T6, STM32C031C6U3, STM32C031C6U6, STM32C031F4P3, STM32C031F4P6, STM32C031F6P3, STM32C031F6P6, STM32C031G4U3, STM32C031G4U6, STM32C031G6U3, STM32C031G6U6, STM32C031K4T3, STM32C031K4T6, STM32C031K4U3, STM32C031K4U6, STM32C031K6T3, STM32C031K6T6, STM32C031K6U3, STM32C031K6U6, STM32C051C6T6, STM32C051C6U6, STM32C051C8T6, STM32C051C8U6, STM32C051D8Y6TR, STM32C051F6P6, STM32C051F8P6, STM32C051G6U6, STM32C051G8U6, STM32C051K6T6, STM32C051K6U6, STM32C051K8T6, STM32C071C8T6, STM32C071C8T6N, STM32C071C8U6, STM32C071C8U6N, STM32C071CBT6, STM32C071CBT6N, STM32C071CBU6, STM32C071CBU6N, STM32C071F8P6, STM32C071F8P6N, STM32C071FBP6, STM32C071FBP6N, STM32C071FBY6TR, STM32C071G8U6, STM32C071G8U6N, STM32C071GBU6, STM32C071GBU6N, STM32C071K8T6, STM32C071K8T6N, STM32C071K8U6, STM32C071K8U6N, STM32C071KBT6, STM32C071KBT6N, STM32C071KBU6, STM32C071KBU6N, STM32C071R8T6, STM32C071R8T6N, STM32C071RBI6N, STM32C071RBT6, STM32C071RBT6N, STM32C091CBT6, STM32C091CBU6, STM32C091CCT6, STM32C091CCU6, STM32C091ECY6TR, STM32C091FBP6, STM32C091FCP6, STM32C091GBU6, STM32C091GCU6, STM32C091KBT6, STM32C091KBU6, STM32C091KCT6, STM32C091KCU6, STM32C091RBT6, STM32C091RCI6, STM32C091RCT6, STM32C092CBT6, STM32C092CBU6, STM32C092CCT6, STM32C092CCU6, STM32C092ECY6TR, STM32C092FBP6, STM32C092FCP6, STM32C092GBU6, STM32C092GCU6, STM32C092KBT6, STM32C092KBU6, STM32C092KCT6, STM32C092KCU6, STM32C092RBT6, STM32C092RCI6, STM32C092RCT6, STM32G071K8TXN, STM32G071K8UXN, STM32G081GBU6N, STM32G081KBT6N, STM32G081KBUXN, STM32G0B1CCT6N, STM32G0B1KCT6, STM32G0B1NEY6TR, STM32G0B1RCT6N, STM32G0C1CCT6, STM32G0C1CCT6N, STM32G0C1CCU6N, STM32G0C1CET6N, STM32G0C1CEU6N, STM32G0C1KCT6, STM32G0C1NEY6TR, STM32G0C1RCI6N, STM32G0C1RCT6N, STM32G0C1REI6N, STM32G0C1RET6N, STM32G0C1VCI6, STM32G0C1VEI6, STM32G411C6T3, STM32G411C6T6, STM32G411C6U3, STM32G411C6U6, STM32G411C8T3, STM32G411C8T6, STM32G411C8U3, STM32G411C8U6, STM32G411CBT3, STM32G411CBT6, STM32G411CBU3, STM32G411CBU6, STM32G411CCT3, STM32G411CCT6, STM32G411CCU3, STM32G411CCU6, STM32G411K6T3, STM32G411K6T6, STM32G411K6U3, STM32G411K6U6, STM32G411K8T3, STM32G411K8T6, STM32G411K8U3, STM32G411K8U6, STM32G411KBT3, STM32G411KBT6, STM32G411KBU3, STM32G411KBU6, STM32G411M6T3, STM32G411M6T6, STM32G411M8T3, STM32G411M8T6, STM32G411MBT3, STM32G411MBT6, STM32G411MCT3, STM32G411MCT6, STM32G411R6T3, STM32G411R6T6, STM32G411R8T3, STM32G411R8T6, STM32G411RBT3, STM32G411RBT6, STM32G411RCT3, STM32G411RCT6, STM32G414CBT3, STM32G414CBT6, STM32G414CBU3, STM32G414CBU6, STM32G414CCT3, STM32G414CCT6, STM32G414CCU3, STM32G414CCU6, STM32G414MBT3, STM32G414MBT6, STM32G414MCT3, STM32G414MCT6, STM32G414RBT3, STM32G414RBT6, STM32G414RCT3, STM32G414RCT6, STM32G414VBT3, STM32G414VBT6, STM32G414VCT3, STM32G414VCT6, STM32G431CBT3Z, STM32G431RBT3Z, STM32G471CCT6, STM32G471CCU6, STM32G471CET3, STM32G471CET6, STM32G471CEU3, STM32G471CEU6, STM32G471MCT6, STM32G471MET3, STM32G471MET6, STM32G471MEY6TR, STM32G471QCT6, STM32G471QET3, STM32G471RCT6, STM32G471RET3, STM32G471RET6, STM32G471VCH6, STM32G471VCI6, STM32G471VCT6, STM32G471VEH3, STM32G471VEH6, STM32G471VEI3, STM32G471VEI6, STM32G471VET3, STM32G471VET6, STM32G473QET3Z, STM32G473RET3Z, STM32G474CCT6, STM32G491RET3Z, STM32H503CBT6, STM32H503CBU6, STM32H503EBY6TR, STM32H503KBU6, STM32H503RBT6, STM32H523CCT6, STM32H523CCU6, STM32H523CET6, STM32H523CEU6, STM32H523HEY6TR, STM32H523RCT6, STM32H523RET6, STM32H523VCI6, STM32H523VCT6, STM32H523VEI6, STM32H523VET6, STM32H523ZCJ6, STM32H523ZCT6, STM32H523ZEJ6, STM32H523ZET6, STM32H533CET6, STM32H533CEU6, STM32H533HEY6TR, STM32H533RET6, STM32H533VEI6, STM32H533VET6, STM32H533ZEJ6, STM32H533ZET6, STM32H562AGI6, STM32H562AII6, STM32H562IGK6, STM32H562IGT6, STM32H562IIK6, STM32H562IIT6, STM32H562RGT6, STM32H562RGV6, STM32H562RIT6, STM32H562RIV6, STM32H562VGT6, STM32H562VIT6, STM32H562ZGT6, STM32H562ZIT6, STM32H563AGI6, STM32H563AII3Q, STM32H563AII6, STM32H563IGK6, STM32H563IGT6, STM32H563IIK3Q, STM32H563IIK6, STM32H563IIT3Q, STM32H563IIT6, STM32H563MIY3QTR, STM32H563RGT6, STM32H563RGV6, STM32H563RIT6, STM32H563RIV6, STM32H563VGT6, STM32H563VIT3Q, STM32H563VIT6, STM32H563ZGT6, STM32H563ZIT3Q, STM32H563ZIT6, STM32H573AII3Q, STM32H573AII6, STM32H573I-DK, STM32H573IIK3Q, STM32H573IIK6, STM32H573IIT3Q, STM32H573IIT6, STM32H573MIY3QTR, STM32H573RIT6, STM32H573RIV6, STM32H573VIT3Q, STM32H573VIT6, STM32H573ZIT3Q, STM32H573ZIT6, STM32H7R3A8I6, STM32H7R3I8K6, STM32H7R3I8T6, STM32H7R3L8H6, STM32H7R3L8H6H, STM32H7R3R8V6, STM32H7R3V8H6, STM32H7R3V8T6, STM32H7R3V8Y6TR, STM32H7R3Z8J6, STM32H7R3Z8T6, STM32H7R7A8I6, STM32H7R7I8K6, STM32H7R7I8T6, STM32H7R7L8H6, STM32H7R7L8H6H, STM32H7R7Z8J6, STM32H7S3A8I6, STM32H7S3I8K6, STM32H7S3I8T6, STM32H7S3L8H6, STM32H7S3L8H6H, STM32H7S3R8V6, STM32H7S3V8H6, STM32H7S3V8T6, STM32H7S3V8Y6TR, STM32H7S3Z8J6, STM32H7S3Z8T6, STM32H7S78-DK, STM32H7S7A8I6, STM32H7S7I8K6, STM32H7S7I8T6, STM32H7S7L8H6, STM32H7S7L8H6H, STM32H7S7Z8J6, STM32L4R5QGI6STR, STM32MP131AAE3, STM32MP131AAF3, STM32MP131AAG3, STM32MP131CAE3, STM32MP131CAF3, STM32MP131CAG3, STM32MP131DAE7, STM32MP131DAF7, STM32MP131DAG7, STM32MP131FAE7, STM32MP131FAF7, STM32MP131FAG7, STM32MP133AAE3, STM32MP133AAF3, STM32MP133AAG3, STM32MP133CAE3, STM32MP133CAF3, STM32MP133CAG3, STM32MP133DAE7, STM32MP133DAF7, STM32MP133DAG7, STM32MP133FAE7, STM32MP133FAF7, STM32MP133FAG7, STM32MP135AAE3, STM32MP135AAF3, STM32MP135AAG3, STM32MP135CAE3, STM32MP135CAF3, STM32MP135CAG3, STM32MP135DAE7, STM32MP135DAF7, STM32MP135DAG7, STM32MP135F-DK, STM32MP135FAE7, STM32MP135FAF7, STM32MP135FAF7T, STM32MP135FAF7U, STM32MP135FAG7, STM32MP231AAJ3, STM32MP231AAK3, STM32MP231AAL3, STM32MP231CAJ3, STM32MP231CAK3, STM32MP231CAL3, STM32MP231DAJ3, STM32MP231DAK3, STM32MP231DAL3, STM32MP231FAJ3, STM32MP231FAK3, STM32MP231FAL3, STM32MP233AAJ3, STM32MP233AAK3, STM32MP233AAL3, STM32MP233CAJ3, STM32MP233CAK3, STM32MP233CAL3, STM32MP233DAJ3, STM32MP233DAK3, STM32MP233DAL3, STM32MP233FAJ3, STM32MP233FAK3, STM32MP233FAL3, STM32MP235AAJ3, STM32MP235AAK3, STM32MP235AAL3, STM32MP235CAJ3, STM32MP235CAK3, STM32MP235CAL3, STM32MP235DAJ3, STM32MP235DAK3, STM32MP235DAL3, STM32MP235FAJ3, STM32MP235FAK3, STM32MP235FAL3, STM32MP251AAI3, STM32MP251AAJ3, STM32MP251AAK3, STM32MP251AAL3, STM32MP251CAI3, STM32MP251CAJ3, STM32MP251CAK3, STM32MP251CAL3, STM32MP251DAI3, STM32MP251DAJ3, STM32MP251DAK3, STM32MP251DAL3, STM32MP251FAI3, STM32MP251FAJ3, STM32MP251FAK3, STM32MP251FAL3, STM32MP253AAI3, STM32MP253AAJ3, STM32MP253AAK3, STM32MP253AAL3, STM32MP253CAI3, STM32MP253CAJ3, STM32MP253CAK3, STM32MP253CAL3, STM32MP253DAI3, STM32MP253DAJ3, STM32MP253DAK3, STM32MP253DAL3, STM32MP253FAI3, STM32MP253FAJ3, STM32MP253FAK3, STM32MP253FAL3, STM32MP255AAI3, STM32MP255AAJ3, STM32MP255AAK3, STM32MP255AAL3, STM32MP255CAI3, STM32MP255CAJ3, STM32MP255CAK3, STM32MP255CAL3, STM32MP255DAI3, STM32MP255DAJ3, STM32MP255DAK3, STM32MP255DAL3, STM32MP255FAI3, STM32MP255FAJ3, STM32MP255FAK3, STM32MP255FAL3, STM32MP257AAI3, STM32MP257AAJ3, STM32MP257AAK3, STM32MP257AAL3, STM32MP257CAI3, STM32MP257CAJ3, STM32MP257CAK3, STM32MP257CAL3, STM32MP257DAI3, STM32MP257DAJ3, STM32MP257DAK3, STM32MP257DAL3, STM32MP257F-DK, STM32MP257F-EV1, STM32MP257FAI3, STM32MP257FAJ3, STM32MP257FAK3, STM32MP257FAL3, STM32N645A0H3Q, STM32N645B0H3Q, STM32N645I0H3Q, STM32N645L0H3Q, STM32N645X0H3Q, STM32N645Z0H3Q, STM32N647A0H3Q, STM32N647B0H3Q, STM32N647I0H3Q, STM32N647L0H3Q, STM32N647X0H3Q, STM32N647Z0H3Q, STM32N655A0H3Q, STM32N655B0H3Q, STM32N655I0H3Q, STM32N655L0H3Q, STM32N655X0H3Q, STM32N655Z0H3Q, STM32N6570-DK, STM32N657A0H3Q, STM32N657B0H3Q, STM32N657I0H3Q, STM32N657L0H3Q, STM32N657X0H3Q, STM32N657Z0H3Q, STM32U031C6T6, STM32U031C6U6, STM32U031C8T6, STM32U031C8U6, STM32U031F4P6, STM32U031F6P6, STM32U031F8P6, STM32U031G6Y6TR, STM32U031G8Y6TR, STM32U031K4U6, STM32U031K6U6, STM32U031K8U6, STM32U031R6I6, STM32U031R6T6, STM32U031R8I6, STM32U031R8T6, STM32U073C8T6, STM32U073C8U6, STM32U073CBT6, STM32U073CBU6, STM32U073CCT6, STM32U073CCU6, STM32U073H8Y6TR, STM32U073HBY6TR, STM32U073HCY6TR, STM32U073K8U6, STM32U073KBU6, STM32U073KCU6, STM32U073M8I6, STM32U073M8T6, STM32U073MBI6, STM32U073MBT6, STM32U073MCI6, STM32U073MCT6, STM32U073R8I6, STM32U073R8T6, STM32U073RBI6, STM32U073RBT6, STM32U073RCI6, STM32U073RCT6, STM32U083C-DK, STM32U083CCT6, STM32U083CCU6, STM32U083HCY6TR, STM32U083KCU6, STM32U083MCI6, STM32U083MCT6, STM32U083RCI6, STM32U083RCT6, STM32U375CET6, STM32U375CET6Q, STM32U375CEU6, STM32U375CEU6Q, STM32U375CEY6QTR, STM32U375CGT6, STM32U375CGT6Q, STM32U375CGU6, STM32U375CGU6Q, STM32U375CGY6QTR, STM32U375KEU6, STM32U375KGU6, STM32U375REI6, STM32U375REI6Q, STM32U375RET6, STM32U375RET6Q, STM32U375REY6GTR, STM32U375REY6QTR, STM32U375RGI6, STM32U375RGI6Q, STM32U375RGT6, STM32U375RGT6Q, STM32U375RGY6GTR, STM32U375RGY6QTR, STM32U375VEI6, STM32U375VEI6Q, STM32U375VET6, STM32U375VET6Q, STM32U375VGI6, STM32U375VGI6Q, STM32U375VGT6, STM32U375VGT6Q, STM32U385CGT6, STM32U385CGT6Q, STM32U385CGU6, STM32U385CGU6Q, STM32U385CGY6QTR, STM32U385KGU6, STM32U385RGI6, STM32U385RGI6Q, STM32U385RGT6, STM32U385RGT6Q, STM32U385RGY6GTR, STM32U385RGY6QTR, STM32U385VGI6, STM32U385VGI6Q, STM32U385VGT6, STM32U385VGT6Q, STM32U535CBT6, STM32U535CBT6Q, STM32U535CBU6, STM32U535CBU6Q, STM32U535CCT6, STM32U535CCT6Q, STM32U535CCU6, STM32U535CCU6Q, STM32U535CET6, STM32U535CET6Q, STM32U535CEU6, STM32U535CEU6Q, STM32U535JEY6QTR, STM32U535NCY6QTR, STM32U535NEY6QTR, STM32U535RBI6, STM32U535RBI6Q, STM32U535RBT6, STM32U535RBT6Q, STM32U535RCI6, STM32U535RCI6Q, STM32U535RCT6, STM32U535RCT6Q, STM32U535REI6, STM32U535REI6Q, STM32U535RET6, STM32U535RET6Q, STM32U535VCI6, STM32U535VCI6Q, STM32U535VCT6, STM32U535VCT6Q, STM32U535VEI6, STM32U535VEI6Q, STM32U535VET6, STM32U535VET6Q, STM32U545CET6, STM32U545CET6Q, STM32U545CEU6, STM32U545CEU6Q, STM32U545JEY6QTR, STM32U545NEY6QTR, STM32U545REI6, STM32U545REI6Q, STM32U545RET6, STM32U545RET6Q, STM32U545VEI6, STM32U545VEI6Q, STM32U545VET6, STM32U545VET6Q, STM32U595AIH6, STM32U595AIH6Q, STM32U595AJH6, STM32U595AJH6Q, STM32U595QII6, STM32U595QII6Q, STM32U595QJI6, STM32U595QJI6Q, STM32U595RIT6, STM32U595RIT6Q, STM32U595RJT6, STM32U595RJT6Q, STM32U595VIT6, STM32U595VIT6Q, STM32U595VJT6, STM32U595VJT6Q, STM32U595ZIT6, STM32U595ZIT6Q, STM32U595ZIY6QTR, STM32U595ZJT6, STM32U595ZJT6Q, STM32U595ZJY6QTR, STM32U599BJY6QTR, STM32U599NIH6Q, STM32U599NJH6Q, STM32U599VIT6Q, STM32U599VJT6, STM32U599VJT6Q, STM32U599ZIT6Q, STM32U599ZIY6QTR, STM32U599ZJT6Q, STM32U599ZJY6QTR, STM32U5A5AJH6, STM32U5A5AJH6Q, STM32U5A5QII3Q , STM32U5A5QJI6, STM32U5A5QJI6Q, STM32U5A5RJT6, STM32U5A5RJT6Q, STM32U5A5VJT6, STM32U5A5VJT6Q, STM32U5A5ZJT6, STM32U5A5ZJT6Q, STM32U5A5ZJY6QTR, STM32U5A9BJY6QTR, STM32U5A9J-DK, STM32U5A9NJH6Q, STM32U5A9VJT6Q, STM32U5A9ZJT6Q, STM32U5A9ZJY6QTR, STM32U5F7VIT6, STM32U5F7VIT6Q, STM32U5F7VJT6, STM32U5F7VJT6Q, STM32U5F9BJY6QTR, STM32U5F9NJH6Q, STM32U5F9VIT6Q, STM32U5F9VJT6Q, STM32U5F9ZIJ6QTR, STM32U5F9ZIT6Q, STM32U5F9ZJJ6QTR, STM32U5F9ZJT6Q, STM32U5G7VJT6, STM32U5G7VJT6Q, STM32U5G9BJY6QTR, STM32U5G9J-DK1, STM32U5G9J-DK2, STM32U5G9NJH6Q, STM32U5G9VJT6Q, STM32U5G9ZJJ6QTR, STM32U5G9ZJT6Q, STM32WB05KZV6TR, STM32WB05KZV7TR, STM32WB05TZF6TR, STM32WB05TZF7TR, STM32WB06CCF6TR, STM32WB06CCF7TR, STM32WB06CCV6TR, STM32WB06CCV7TR, STM32WB06KCV6TR, STM32WB06KCV7TR, STM32WB07CCF6TR, STM32WB07CCF7TR, STM32WB07CCV6TR, STM32WB07CCV7TR, STM32WB07KCV6TR, STM32WB07KCV7TR, STM32WB09KEV6TR, STM32WB09KEV7TR, STM32WB09TEF6TR, STM32WB09TEF7TR, STM32WB1MMCH6, STM32WBA50KGU6, STM32WBA50KGU6TR, STM32WBA52CEU6, STM32WBA52CEU6TR, STM32WBA52CEU7, STM32WBA52CEU7TR, STM32WBA52CGU6, STM32WBA52CGU6TR, STM32WBA52CGU6U, STM32WBA52CGU7, STM32WBA52CGU7TR, STM32WBA52KEU6, STM32WBA52KEU6TR, STM32WBA52KGU6, STM32WBA52KGU6TR, STM32WBA54CEU6, STM32WBA54CEU6TR, STM32WBA54CEU7, STM32WBA54CEU7TR, STM32WBA54CGU6, STM32WBA54CGU6TR, STM32WBA54CGU7, STM32WBA54CGU7TR, STM32WBA54KEU6, STM32WBA54KEU6TR, STM32WBA54KEU7, STM32WBA54KEU7TR, STM32WBA54KGU6, STM32WBA54KGU6TR, STM32WBA54KGU7, STM32WBA54KGU7TR, STM32WBA55CEU6, STM32WBA55CEU6TR, STM32WBA55CEU7, STM32WBA55CEU7TR, STM32WBA55CGU6, STM32WBA55CGU6TR, STM32WBA55CGU6U, STM32WBA55CGU7, STM32WBA55CGU7TR, STM32WBA55G-DK1, STM32WBA55HEF6, STM32WBA55HEF7, STM32WBA55HGF6, STM32WBA55HGF7, STM32WBA55UEI6, STM32WBA55UEI6TR, STM32WBA55UEI7, STM32WBA55UEI7TR, STM32WBA55UGI6, STM32WBA55UGI6TR, STM32WBA55UGI7, STM32WBA55UGI7TR, STM32WBA5MJGH6TR, STM32WBA62CGU6, STM32WBA62CIU6, STM32WBA62MGF6, STM32WBA62MIF6, STM32WBA62PGI6, STM32WBA62PII6, STM32WBA63CGU6, STM32WBA63CGU7, STM32WBA63CIU6, STM32WBA63CIU7, STM32WBA64CGU6, STM32WBA64CGU7, STM32WBA64CIU6, STM32WBA64CIU7, STM32WBA65CGU6, STM32WBA65CGU7, STM32WBA65CIU6, STM32WBA65CIU7, STM32WBA65I-DK1, STM32WBA65MGF6, STM32WBA65MGF7, STM32WBA65MIF6, STM32WBA65MIF7, STM32WBA65PGI6, STM32WBA65PGI7, STM32WBA65PII6, STM32WBA65PII7, STM32WBA65RGV6, STM32WBA65RGV7, STM32WBA65RIV6, STM32WBA65RIV7, STM32WL30K8V6, STM32WL30KBV6, STM32WL31C8V6, STM32WL31CBV6, STM32WL31K8V6, STM32WL31KBV6, STM32WL33C8V6, STM32WL33C8V6TR, STM32WL33C8V7, STM32WL33C8V7TR, STM32WL33CBV6, STM32WL33CBV6TR, STM32WL33CBV7, STM32WL33CBV7TR, STM32WL33CCV6, STM32WL33CCV6TR, STM32WL33CCV7, STM32WL33CCV7A, STM32WL33CCV7ATR, STM32WL33CCV7TR, STM32WL33K8V6, STM32WL33K8V6TR, STM32WL33K8V7, STM32WL33K8V7TR, STM32WL33KBV6, STM32WL33KBV6TR, STM32WL33KBV7, STM32WL33KBV7TR, STM32WL33KCV6, STM32WL33KCV6TR, STM32WL33KCV7, STM32WL33KCV7TR, STM32WL5MOCH6, STM32WL5MOCH6TR]
2025-04-24 12:31:57,271 [INFO] BoardInfo:889 - No configuration file found for board P-NUCLEO-WB55
2025-04-24 12:31:57,271 [INFO] DbBoards:161 - Kit is not supported: P-NUCLEO-WB55
2025-04-24 12:31:57,277 [INFO] BoardInfo:889 - No configuration file found for board STEVAL-BFA001V1B
2025-04-24 12:31:57,278 [INFO] DbBoards:161 - Kit is not supported: STEVAL-BFA001V1B
2025-04-24 12:31:57,279 [INFO] BoardInfo:889 - No configuration file found for board STEVAL-BFA001V2B
2025-04-24 12:31:57,280 [INFO] DbBoards:161 - Kit is not supported: STEVAL-BFA001V2B
2025-04-24 12:31:57,440 [INFO] DbBoards:168 - Found 211 boards, 208 are supported
2025-04-24 12:31:57,440 [INFO] DbBoards:169 - Found 211 boards, 43 of them is supported for  Bsp
2025-04-24 12:31:57,446 [INFO] ApiDb:668 - CubeFinder database Data Model version=2.1
2025-04-24 12:31:57,446 [INFO] ApiDb:669 - CubeFinder database Configuration version=3.0.39
2025-04-24 12:31:57,446 [INFO] ApiDb:670 - CubeFinder database generation date=2025-03-24 (1742811287)
2025-04-24 12:31:57,446 [INFO] ApiDb:671 - CubeFinder database FW Pack versions=[FP-ATR-ASTRA1_V2.0.0, FP-SNS-FLIGHT1_V5.0.2, FP-SNS-MOTENV1_V5.0.0, FP-SNS-MOTENVWB1_V1.4.0, FP-SNS-SMARTAG2_V1.2.0, FP-SNS-STBOX1_V2.0.0, STM32Cube_FW_C0_V1.4.0, STM32Cube_FW_F4_V1.28.1, STM32Cube_FW_F7_V1.17.2, STM32Cube_FW_G0_V1.6.2, STM32Cube_FW_G4_V1.6.1, STM32Cube_FW_H5_V1.5.0, STM32Cube_FW_H7RS_V1.2.0, STM32Cube_FW_H7_V1.12.1, STM32Cube_FW_L0_V1.12.2, STM32Cube_FW_L4_V1.18.1, STM32Cube_FW_L5_V1.5.1, STM32Cube_FW_N6_V1.1.0, STM32Cube_FW_U0_V1.2.0, STM32Cube_FW_U3_V1.1.0, STM32Cube_FW_U5_V1.7.0, STM32Cube_FW_WB0_V1.2.0, STM32Cube_FW_WBA_V1.6.0, STM32Cube_FW_WB_V1.22.0, STM32Cube_FW_WL3_V1.1.0, STM32Cube_FW_WL_V1.3.1, X-CUBE-ALGOBUILD_V1.4.0, X-CUBE-ALS_V1.0.2, X-CUBE-AZRTOS-F4_V1.1.0, X-CUBE-AZRTOS-F7_V1.1.0, X-CUBE-AZRTOS-G0_V1.1.0, X-CUBE-AZRTOS-G4_V2.0.0, X-CUBE-AZRTOS-H7RS_V1.0.0, X-CUBE-AZRTOS-H7_V3.3.0, X-CUBE-AZRTOS-L4_V2.0.0, X-CUBE-AZRTOS-L5_V2.0.0, X-CUBE-AZRTOS-WB_V2.0.0, X-CUBE-AZRTOS-WL_V2.0.0, X-CUBE-BLE1_V7.1.0, X-CUBE-BLE2_V3.3.0, X-CUBE-BLEMGR_V4.0.0, X-CUBE-EEPRMA1_V5.1.0, X-CUBE-FREERTOS_V1.3.0, X-CUBE-GNSS1_V6.0.0, X-CUBE-MEMS1_V11.1.0, X-CUBE-NFC4_V3.0.0, X-CUBE-NFC7_V1.0.1, X-CUBE-SFXS2LP1_V4.0.0, X-CUBE-SUBG2_V5.0.0, X-CUBE-TOF1_V3.4.2]
2025-04-24 12:32:01,970 [INFO] ApiDb:240 - Found 895 in-development CPN: [B-G473E-ZEST1S, B-WB1M-WPAN1, B-WBA5M-WPAN, B-WL5M-SUBG1, NUCLEO-C031C6, NUCLEO-C051C8, NUCLEO-C071RB, NUCLEO-C092RC, NUCLEO-H503RB, NUCLEO-H533RE, NUCLEO-H563ZI, NUCLEO-H7S3L8, NUCLEO-N657X0-Q, NUCLEO-U031R8, NUCLEO-U083RC, NUCLEO-U385RG-Q, NUCLEO-U545RE-Q, NUCLEO-U5A5ZJ-Q, NUCLEO-WB05KZ, NUCLEO-WB07CC, NUCLEO-WB09KE, NUCLEO-WBA52CG, NUCLEO-WBA55CG, NUCLEO-WBA65RI, NUCLEO-WL33CC1, NUCLEO-WL33CC2, STEVAL-PROTEUS1, STEVAL-SMARTAG2, STEVAL-STWINBX1, STM320518-EVAL, STM32C0116-DK, STM32C011D6Y3TR, STM32C011D6Y6TR, STM32C011F4P3, STM32C011F4P6, STM32C011F4U3, STM32C011F4U6TR, STM32C011F6P3, STM32C011F6P6, STM32C011F6U3, STM32C011F6U6TR, STM32C011J4M3, STM32C011J4M6, STM32C011J6M3, STM32C011J6M6, STM32C0316-DK, STM32C031C4T3, STM32C031C4T6, STM32C031C4U3, STM32C031C4U6, STM32C031C6T3, STM32C031C6T6, STM32C031C6U3, STM32C031C6U6, STM32C031F4P3, STM32C031F4P6, STM32C031F6P3, STM32C031F6P6, STM32C031G4U3, STM32C031G4U6, STM32C031G6U3, STM32C031G6U6, STM32C031K4T3, STM32C031K4T6, STM32C031K4U3, STM32C031K4U6, STM32C031K6T3, STM32C031K6T6, STM32C031K6U3, STM32C031K6U6, STM32C051C6T6, STM32C051C6U6, STM32C051C8T6, STM32C051C8U6, STM32C051D8Y6TR, STM32C051F6P6, STM32C051F8P6, STM32C051G6U6, STM32C051G8U6, STM32C051K6T6, STM32C051K6U6, STM32C051K8T6, STM32C071C8T6, STM32C071C8T6N, STM32C071C8U6, STM32C071C8U6N, STM32C071CBT6, STM32C071CBT6N, STM32C071CBU6, STM32C071CBU6N, STM32C071F8P6, STM32C071F8P6N, STM32C071FBP6, STM32C071FBP6N, STM32C071FBY6TR, STM32C071G8U6, STM32C071G8U6N, STM32C071GBU6, STM32C071GBU6N, STM32C071K8T6, STM32C071K8T6N, STM32C071K8U6, STM32C071K8U6N, STM32C071KBT6, STM32C071KBT6N, STM32C071KBU6, STM32C071KBU6N, STM32C071R8T6, STM32C071R8T6N, STM32C071RBI6N, STM32C071RBT6, STM32C071RBT6N, STM32C091CBT6, STM32C091CBU6, STM32C091CCT6, STM32C091CCU6, STM32C091ECY6TR, STM32C091FBP6, STM32C091FCP6, STM32C091GBU6, STM32C091GCU6, STM32C091KBT6, STM32C091KBU6, STM32C091KCT6, STM32C091KCU6, STM32C091RBT6, STM32C091RCI6, STM32C091RCT6, STM32C092CBT6, STM32C092CBU6, STM32C092CCT6, STM32C092CCU6, STM32C092ECY6TR, STM32C092FBP6, STM32C092FCP6, STM32C092GBU6, STM32C092GCU6, STM32C092KBT6, STM32C092KBU6, STM32C092KCT6, STM32C092KCU6, STM32C092RBT6, STM32C092RCI6, STM32C092RCT6, STM32G071K8TXN, STM32G071K8UXN, STM32G081GBU6N, STM32G081KBT6N, STM32G081KBUXN, STM32G0B1CCT6N, STM32G0B1KCT6, STM32G0B1NEY6TR, STM32G0B1RCT6N, STM32G0C1CCT6, STM32G0C1CCT6N, STM32G0C1CCU6N, STM32G0C1CET6N, STM32G0C1CEU6N, STM32G0C1KCT6, STM32G0C1NEY6TR, STM32G0C1RCI6N, STM32G0C1RCT6N, STM32G0C1REI6N, STM32G0C1RET6N, STM32G0C1VCI6, STM32G0C1VEI6, STM32G411C6T3, STM32G411C6T6, STM32G411C6U3, STM32G411C6U6, STM32G411C8T3, STM32G411C8T6, STM32G411C8U3, STM32G411C8U6, STM32G411CBT3, STM32G411CBT6, STM32G411CBU3, STM32G411CBU6, STM32G411CCT3, STM32G411CCT6, STM32G411CCU3, STM32G411CCU6, STM32G411K6T3, STM32G411K6T6, STM32G411K6U3, STM32G411K6U6, STM32G411K8T3, STM32G411K8T6, STM32G411K8U3, STM32G411K8U6, STM32G411KBT3, STM32G411KBT6, STM32G411KBU3, STM32G411KBU6, STM32G411M6T3, STM32G411M6T6, STM32G411M8T3, STM32G411M8T6, STM32G411MBT3, STM32G411MBT6, STM32G411MCT3, STM32G411MCT6, STM32G411R6T3, STM32G411R6T6, STM32G411R8T3, STM32G411R8T6, STM32G411RBT3, STM32G411RBT6, STM32G411RCT3, STM32G411RCT6, STM32G414CBT3, STM32G414CBT6, STM32G414CBU3, STM32G414CBU6, STM32G414CCT3, STM32G414CCT6, STM32G414CCU3, STM32G414CCU6, STM32G414MBT3, STM32G414MBT6, STM32G414MCT3, STM32G414MCT6, STM32G414RBT3, STM32G414RBT6, STM32G414RCT3, STM32G414RCT6, STM32G414VBT3, STM32G414VBT6, STM32G414VCT3, STM32G414VCT6, STM32G431CBT3Z, STM32G431RBT3Z, STM32G471CCT6, STM32G471CCU6, STM32G471CET3, STM32G471CET6, STM32G471CEU3, STM32G471CEU6, STM32G471MCT6, STM32G471MET3, STM32G471MET6, STM32G471MEY6TR, STM32G471QCT6, STM32G471QET3, STM32G471RCT6, STM32G471RET3, STM32G471RET6, STM32G471VCH6, STM32G471VCI6, STM32G471VCT6, STM32G471VEH3, STM32G471VEH6, STM32G471VEI3, STM32G471VEI6, STM32G471VET3, STM32G471VET6, STM32G473QET3Z, STM32G473RET3Z, STM32G474CCT6, STM32G491RET3Z, STM32H503CBT6, STM32H503CBU6, STM32H503EBY6TR, STM32H503KBU6, STM32H503RBT6, STM32H523CCT6, STM32H523CCU6, STM32H523CET6, STM32H523CEU6, STM32H523HEY6TR, STM32H523RCT6, STM32H523RET6, STM32H523VCI6, STM32H523VCT6, STM32H523VEI6, STM32H523VET6, STM32H523ZCJ6, STM32H523ZCT6, STM32H523ZEJ6, STM32H523ZET6, STM32H533CET6, STM32H533CEU6, STM32H533HEY6TR, STM32H533RET6, STM32H533VEI6, STM32H533VET6, STM32H533ZEJ6, STM32H533ZET6, STM32H562AGI6, STM32H562AII6, STM32H562IGK6, STM32H562IGT6, STM32H562IIK6, STM32H562IIT6, STM32H562RGT6, STM32H562RGV6, STM32H562RIT6, STM32H562RIV6, STM32H562VGT6, STM32H562VIT6, STM32H562ZGT6, STM32H562ZIT6, STM32H563AGI6, STM32H563AII3Q, STM32H563AII6, STM32H563IGK6, STM32H563IGT6, STM32H563IIK3Q, STM32H563IIK6, STM32H563IIT3Q, STM32H563IIT6, STM32H563MIY3QTR, STM32H563RGT6, STM32H563RGV6, STM32H563RIT6, STM32H563RIV6, STM32H563VGT6, STM32H563VIT3Q, STM32H563VIT6, STM32H563ZGT6, STM32H563ZIT3Q, STM32H563ZIT6, STM32H573AII3Q, STM32H573AII6, STM32H573I-DK, STM32H573IIK3Q, STM32H573IIK6, STM32H573IIT3Q, STM32H573IIT6, STM32H573MIY3QTR, STM32H573RIT6, STM32H573RIV6, STM32H573VIT3Q, STM32H573VIT6, STM32H573ZIT3Q, STM32H573ZIT6, STM32H7R3A8I6, STM32H7R3I8K6, STM32H7R3I8T6, STM32H7R3L8H6, STM32H7R3L8H6H, STM32H7R3R8V6, STM32H7R3V8H6, STM32H7R3V8T6, STM32H7R3V8Y6TR, STM32H7R3Z8J6, STM32H7R3Z8T6, STM32H7R7A8I6, STM32H7R7I8K6, STM32H7R7I8T6, STM32H7R7L8H6, STM32H7R7L8H6H, STM32H7R7Z8J6, STM32H7S3A8I6, STM32H7S3I8K6, STM32H7S3I8T6, STM32H7S3L8H6, STM32H7S3L8H6H, STM32H7S3R8V6, STM32H7S3V8H6, STM32H7S3V8T6, STM32H7S3V8Y6TR, STM32H7S3Z8J6, STM32H7S3Z8T6, STM32H7S78-DK, STM32H7S7A8I6, STM32H7S7I8K6, STM32H7S7I8T6, STM32H7S7L8H6, STM32H7S7L8H6H, STM32H7S7Z8J6, STM32L4R5QGI6STR, STM32MP131AAE3, STM32MP131AAF3, STM32MP131AAG3, STM32MP131CAE3, STM32MP131CAF3, STM32MP131CAG3, STM32MP131DAE7, STM32MP131DAF7, STM32MP131DAG7, STM32MP131FAE7, STM32MP131FAF7, STM32MP131FAG7, STM32MP133AAE3, STM32MP133AAF3, STM32MP133AAG3, STM32MP133CAE3, STM32MP133CAF3, STM32MP133CAG3, STM32MP133DAE7, STM32MP133DAF7, STM32MP133DAG7, STM32MP133FAE7, STM32MP133FAF7, STM32MP133FAG7, STM32MP135AAE3, STM32MP135AAF3, STM32MP135AAG3, STM32MP135CAE3, STM32MP135CAF3, STM32MP135CAG3, STM32MP135DAE7, STM32MP135DAF7, STM32MP135DAG7, STM32MP135F-DK, STM32MP135FAE7, STM32MP135FAF7, STM32MP135FAF7T, STM32MP135FAF7U, STM32MP135FAG7, STM32MP231AAJ3, STM32MP231AAK3, STM32MP231AAL3, STM32MP231CAJ3, STM32MP231CAK3, STM32MP231CAL3, STM32MP231DAJ3, STM32MP231DAK3, STM32MP231DAL3, STM32MP231FAJ3, STM32MP231FAK3, STM32MP231FAL3, STM32MP233AAJ3, STM32MP233AAK3, STM32MP233AAL3, STM32MP233CAJ3, STM32MP233CAK3, STM32MP233CAL3, STM32MP233DAJ3, STM32MP233DAK3, STM32MP233DAL3, STM32MP233FAJ3, STM32MP233FAK3, STM32MP233FAL3, STM32MP235AAJ3, STM32MP235AAK3, STM32MP235AAL3, STM32MP235CAJ3, STM32MP235CAK3, STM32MP235CAL3, STM32MP235DAJ3, STM32MP235DAK3, STM32MP235DAL3, STM32MP235FAJ3, STM32MP235FAK3, STM32MP235FAL3, STM32MP251AAI3, STM32MP251AAJ3, STM32MP251AAK3, STM32MP251AAL3, STM32MP251CAI3, STM32MP251CAJ3, STM32MP251CAK3, STM32MP251CAL3, STM32MP251DAI3, STM32MP251DAJ3, STM32MP251DAK3, STM32MP251DAL3, STM32MP251FAI3, STM32MP251FAJ3, STM32MP251FAK3, STM32MP251FAL3, STM32MP253AAI3, STM32MP253AAJ3, STM32MP253AAK3, STM32MP253AAL3, STM32MP253CAI3, STM32MP253CAJ3, STM32MP253CAK3, STM32MP253CAL3, STM32MP253DAI3, STM32MP253DAJ3, STM32MP253DAK3, STM32MP253DAL3, STM32MP253FAI3, STM32MP253FAJ3, STM32MP253FAK3, STM32MP253FAL3, STM32MP255AAI3, STM32MP255AAJ3, STM32MP255AAK3, STM32MP255AAL3, STM32MP255CAI3, STM32MP255CAJ3, STM32MP255CAK3, STM32MP255CAL3, STM32MP255DAI3, STM32MP255DAJ3, STM32MP255DAK3, STM32MP255DAL3, STM32MP255FAI3, STM32MP255FAJ3, STM32MP255FAK3, STM32MP255FAL3, STM32MP257AAI3, STM32MP257AAJ3, STM32MP257AAK3, STM32MP257AAL3, STM32MP257CAI3, STM32MP257CAJ3, STM32MP257CAK3, STM32MP257CAL3, STM32MP257DAI3, STM32MP257DAJ3, STM32MP257DAK3, STM32MP257DAL3, STM32MP257F-DK, STM32MP257F-EV1, STM32MP257FAI3, STM32MP257FAJ3, STM32MP257FAK3, STM32MP257FAL3, STM32N645A0H3Q, STM32N645B0H3Q, STM32N645I0H3Q, STM32N645L0H3Q, STM32N645X0H3Q, STM32N645Z0H3Q, STM32N647A0H3Q, STM32N647B0H3Q, STM32N647I0H3Q, STM32N647L0H3Q, STM32N647X0H3Q, STM32N647Z0H3Q, STM32N655A0H3Q, STM32N655B0H3Q, STM32N655I0H3Q, STM32N655L0H3Q, STM32N655X0H3Q, STM32N655Z0H3Q, STM32N6570-DK, STM32N657A0H3Q, STM32N657B0H3Q, STM32N657I0H3Q, STM32N657L0H3Q, STM32N657X0H3Q, STM32N657Z0H3Q, STM32U031C6T6, STM32U031C6U6, STM32U031C8T6, STM32U031C8U6, STM32U031F4P6, STM32U031F6P6, STM32U031F8P6, STM32U031G6Y6TR, STM32U031G8Y6TR, STM32U031K4U6, STM32U031K6U6, STM32U031K8U6, STM32U031R6I6, STM32U031R6T6, STM32U031R8I6, STM32U031R8T6, STM32U073C8T6, STM32U073C8U6, STM32U073CBT6, STM32U073CBU6, STM32U073CCT6, STM32U073CCU6, STM32U073H8Y6TR, STM32U073HBY6TR, STM32U073HCY6TR, STM32U073K8U6, STM32U073KBU6, STM32U073KCU6, STM32U073M8I6, STM32U073M8T6, STM32U073MBI6, STM32U073MBT6, STM32U073MCI6, STM32U073MCT6, STM32U073R8I6, STM32U073R8T6, STM32U073RBI6, STM32U073RBT6, STM32U073RCI6, STM32U073RCT6, STM32U083C-DK, STM32U083CCT6, STM32U083CCU6, STM32U083HCY6TR, STM32U083KCU6, STM32U083MCI6, STM32U083MCT6, STM32U083RCI6, STM32U083RCT6, STM32U375CET6, STM32U375CET6Q, STM32U375CEU6, STM32U375CEU6Q, STM32U375CEY6QTR, STM32U375CGT6, STM32U375CGT6Q, STM32U375CGU6, STM32U375CGU6Q, STM32U375CGY6QTR, STM32U375KEU6, STM32U375KGU6, STM32U375REI6, STM32U375REI6Q, STM32U375RET6, STM32U375RET6Q, STM32U375REY6GTR, STM32U375REY6QTR, STM32U375RGI6, STM32U375RGI6Q, STM32U375RGT6, STM32U375RGT6Q, STM32U375RGY6GTR, STM32U375RGY6QTR, STM32U375VEI6, STM32U375VEI6Q, STM32U375VET6, STM32U375VET6Q, STM32U375VGI6, STM32U375VGI6Q, STM32U375VGT6, STM32U375VGT6Q, STM32U385CGT6, STM32U385CGT6Q, STM32U385CGU6, STM32U385CGU6Q, STM32U385CGY6QTR, STM32U385KGU6, STM32U385RGI6, STM32U385RGI6Q, STM32U385RGT6, STM32U385RGT6Q, STM32U385RGY6GTR, STM32U385RGY6QTR, STM32U385VGI6, STM32U385VGI6Q, STM32U385VGT6, STM32U385VGT6Q, STM32U535CBT6, STM32U535CBT6Q, STM32U535CBU6, STM32U535CBU6Q, STM32U535CCT6, STM32U535CCT6Q, STM32U535CCU6, STM32U535CCU6Q, STM32U535CET6, STM32U535CET6Q, STM32U535CEU6, STM32U535CEU6Q, STM32U535JEY6QTR, STM32U535NCY6QTR, STM32U535NEY6QTR, STM32U535RBI6, STM32U535RBI6Q, STM32U535RBT6, STM32U535RBT6Q, STM32U535RCI6, STM32U535RCI6Q, STM32U535RCT6, STM32U535RCT6Q, STM32U535REI6, STM32U535REI6Q, STM32U535RET6, STM32U535RET6Q, STM32U535VCI6, STM32U535VCI6Q, STM32U535VCT6, STM32U535VCT6Q, STM32U535VEI6, STM32U535VEI6Q, STM32U535VET6, STM32U535VET6Q, STM32U545CET6, STM32U545CET6Q, STM32U545CEU6, STM32U545CEU6Q, STM32U545JEY6QTR, STM32U545NEY6QTR, STM32U545REI6, STM32U545REI6Q, STM32U545RET6, STM32U545RET6Q, STM32U545VEI6, STM32U545VEI6Q, STM32U545VET6, STM32U545VET6Q, STM32U595AIH6, STM32U595AIH6Q, STM32U595AJH6, STM32U595AJH6Q, STM32U595QII6, STM32U595QII6Q, STM32U595QJI6, STM32U595QJI6Q, STM32U595RIT6, STM32U595RIT6Q, STM32U595RJT6, STM32U595RJT6Q, STM32U595VIT6, STM32U595VIT6Q, STM32U595VJT6, STM32U595VJT6Q, STM32U595ZIT6, STM32U595ZIT6Q, STM32U595ZIY6QTR, STM32U595ZJT6, STM32U595ZJT6Q, STM32U595ZJY6QTR, STM32U599BJY6QTR, STM32U599NIH6Q, STM32U599NJH6Q, STM32U599VIT6Q, STM32U599VJT6, STM32U599VJT6Q, STM32U599ZIT6Q, STM32U599ZIY6QTR, STM32U599ZJT6Q, STM32U599ZJY6QTR, STM32U5A5AJH6, STM32U5A5AJH6Q, STM32U5A5QII3Q , STM32U5A5QJI6, STM32U5A5QJI6Q, STM32U5A5RJT6, STM32U5A5RJT6Q, STM32U5A5VJT6, STM32U5A5VJT6Q, STM32U5A5ZJT6, STM32U5A5ZJT6Q, STM32U5A5ZJY6QTR, STM32U5A9BJY6QTR, STM32U5A9J-DK, STM32U5A9NJH6Q, STM32U5A9VJT6Q, STM32U5A9ZJT6Q, STM32U5A9ZJY6QTR, STM32U5F7VIT6, STM32U5F7VIT6Q, STM32U5F7VJT6, STM32U5F7VJT6Q, STM32U5F9BJY6QTR, STM32U5F9NJH6Q, STM32U5F9VIT6Q, STM32U5F9VJT6Q, STM32U5F9ZIJ6QTR, STM32U5F9ZIT6Q, STM32U5F9ZJJ6QTR, STM32U5F9ZJT6Q, STM32U5G7VJT6, STM32U5G7VJT6Q, STM32U5G9BJY6QTR, STM32U5G9J-DK1, STM32U5G9J-DK2, STM32U5G9NJH6Q, STM32U5G9VJT6Q, STM32U5G9ZJJ6QTR, STM32U5G9ZJT6Q, STM32WB05KZV6TR, STM32WB05KZV7TR, STM32WB05TZF6TR, STM32WB05TZF7TR, STM32WB06CCF6TR, STM32WB06CCF7TR, STM32WB06CCV6TR, STM32WB06CCV7TR, STM32WB06KCV6TR, STM32WB06KCV7TR, STM32WB07CCF6TR, STM32WB07CCF7TR, STM32WB07CCV6TR, STM32WB07CCV7TR, STM32WB07KCV6TR, STM32WB07KCV7TR, STM32WB09KEV6TR, STM32WB09KEV7TR, STM32WB09TEF6TR, STM32WB09TEF7TR, STM32WB1MMCH6, STM32WBA50KGU6, STM32WBA50KGU6TR, STM32WBA52CEU6, STM32WBA52CEU6TR, STM32WBA52CEU7, STM32WBA52CEU7TR, STM32WBA52CGU6, STM32WBA52CGU6TR, STM32WBA52CGU6U, STM32WBA52CGU7, STM32WBA52CGU7TR, STM32WBA52KEU6, STM32WBA52KEU6TR, STM32WBA52KGU6, STM32WBA52KGU6TR, STM32WBA54CEU6, STM32WBA54CEU6TR, STM32WBA54CEU7, STM32WBA54CEU7TR, STM32WBA54CGU6, STM32WBA54CGU6TR, STM32WBA54CGU7, STM32WBA54CGU7TR, STM32WBA54KEU6, STM32WBA54KEU6TR, STM32WBA54KEU7, STM32WBA54KEU7TR, STM32WBA54KGU6, STM32WBA54KGU6TR, STM32WBA54KGU7, STM32WBA54KGU7TR, STM32WBA55CEU6, STM32WBA55CEU6TR, STM32WBA55CEU7, STM32WBA55CEU7TR, STM32WBA55CGU6, STM32WBA55CGU6TR, STM32WBA55CGU6U, STM32WBA55CGU7, STM32WBA55CGU7TR, STM32WBA55G-DK1, STM32WBA55HEF6, STM32WBA55HEF7, STM32WBA55HGF6, STM32WBA55HGF7, STM32WBA55UEI6, STM32WBA55UEI6TR, STM32WBA55UEI7, STM32WBA55UEI7TR, STM32WBA55UGI6, STM32WBA55UGI6TR, STM32WBA55UGI7, STM32WBA55UGI7TR, STM32WBA5MJGH6TR, STM32WBA62CGU6, STM32WBA62CIU6, STM32WBA62MGF6, STM32WBA62MIF6, STM32WBA62PGI6, STM32WBA62PII6, STM32WBA63CGU6, STM32WBA63CGU7, STM32WBA63CIU6, STM32WBA63CIU7, STM32WBA64CGU6, STM32WBA64CGU7, STM32WBA64CIU6, STM32WBA64CIU7, STM32WBA65CGU6, STM32WBA65CGU7, STM32WBA65CIU6, STM32WBA65CIU7, STM32WBA65I-DK1, STM32WBA65MGF6, STM32WBA65MGF7, STM32WBA65MIF6, STM32WBA65MIF7, STM32WBA65PGI6, STM32WBA65PGI7, STM32WBA65PII6, STM32WBA65PII7, STM32WBA65RGV6, STM32WBA65RGV7, STM32WBA65RIV6, STM32WBA65RIV7, STM32WL30K8V6, STM32WL30KBV6, STM32WL31C8V6, STM32WL31CBV6, STM32WL31K8V6, STM32WL31KBV6, STM32WL33C8V6, STM32WL33C8V6TR, STM32WL33C8V7, STM32WL33C8V7TR, STM32WL33CBV6, STM32WL33CBV6TR, STM32WL33CBV7, STM32WL33CBV7TR, STM32WL33CCV6, STM32WL33CCV6TR, STM32WL33CCV7, STM32WL33CCV7A, STM32WL33CCV7ATR, STM32WL33CCV7TR, STM32WL33K8V6, STM32WL33K8V6TR, STM32WL33K8V7, STM32WL33K8V7TR, STM32WL33KBV6, STM32WL33KBV6TR, STM32WL33KBV7, STM32WL33KBV7TR, STM32WL33KCV6, STM32WL33KCV6TR, STM32WL33KCV7, STM32WL33KCV7TR, STM32WL5MOCH6, STM32WL5MOCH6TR]
2025-04-24 12:32:01,977 [INFO] DbMcus:218 - Found 4686 MCUs, 4686 are supported
2025-04-24 12:32:01,978 [INFO] ApiDb:423 - Load user favorites file /home/barin/.stm32cubeide/favorites.mcus.txt: 0 item(s)
2025-04-24 12:32:01,978 [INFO] ApiDb:427 - User favorites MCUs=[]
2025-04-24 12:32:01,978 [INFO] DbMcus:224 - Set 0 / 0 favorites MCUs
2025-04-24 12:32:03,570 [INFO] ApiDb:414 - User favorites file not found: /home/barin/.stm32cubeide/favorites.boards.txt
2025-04-24 12:32:03,570 [INFO] DbBoards:198 - Set 0 / 0 favorites Boards
2025-04-24 12:32:03,625 [INFO] UtilMem:75 - End LoadConfig() Used Memory: 263408624 Bytes (584056832)
2025-04-24 12:32:03,943 [WARN] ThirdParty:833 - waiting for thirdparty lock release [change project]
2025-04-24 12:32:03,944 [INFO] ThirdParty:835 - entering critical section [change project]
2025-04-24 12:32:03,949 [INFO] ThirdParty:1030 - CMSIS Pack Vendor :STMicroelectronics USBPD 4.1
2025-04-24 12:32:03,950 [INFO] ThirdParty:1030 - CMSIS Pack Vendor :STMicroelectronics X-CUBE-AZRTOS-H7 3.3.0
2025-04-24 12:32:03,950 [INFO] ThirdParty:1030 - CMSIS Pack Vendor :STMicroelectronics X-CUBE-NFC9 1.0.0
2025-04-24 12:32:03,950 [INFO] ThirdParty:1030 - CMSIS Pack Vendor :STMicroelectronics USB_HOST 2.0.0
2025-04-24 12:32:03,950 [INFO] ThirdParty:1030 - CMSIS Pack Vendor :STMicroelectronics FP-SNS-MOTENVWB1 1.4.0
2025-04-24 12:32:03,950 [INFO] ThirdParty:1030 - CMSIS Pack Vendor :STMicroelectronics X-CUBE-AZRTOS-F4 1.1.0
2025-04-24 12:32:03,951 [INFO] ThirdParty:1030 - CMSIS Pack Vendor :STMicroelectronics LIBJPEG 8.0.0
2025-04-24 12:32:03,951 [INFO] ThirdParty:1030 - CMSIS Pack Vendor :STMicroelectronics FP-ATR-ASTRA1 2.0.2
2025-04-24 12:32:03,951 [INFO] ThirdParty:1030 - CMSIS Pack Vendor :STMicroelectronics X-CUBE-BLE1 7.1.0
2025-04-24 12:32:03,951 [INFO] ThirdParty:1030 - CMSIS Pack Vendor :Avnet-IotConnect X-CUBE-IoTC-DA16k-PMOD 1.0.0
2025-04-24 12:32:03,951 [INFO] ThirdParty:1030 - CMSIS Pack Vendor :STMicroelectronics X-CUBE-SMBUS 2.1.0
2025-04-24 12:32:03,952 [INFO] ThirdParty:1030 - CMSIS Pack Vendor :STMicroelectronics X-CUBE-WB05N 1.1.0
2025-04-24 12:32:03,955 [INFO] ThirdParty:1030 - CMSIS Pack Vendor :wolfSSL I-CUBE-wolfMQTT 1.19.2
2025-04-24 12:32:03,956 [INFO] ThirdParty:1030 - CMSIS Pack Vendor :STMicroelectronics USB_DEVICE 3.0.0
2025-04-24 12:32:03,956 [INFO] ThirdParty:1030 - CMSIS Pack Vendor :STMicroelectronics X-CUBE-ISPU 2.1.0
2025-04-24 12:32:03,956 [INFO] ThirdParty:1030 - CMSIS Pack Vendor :STMicroelectronics X-CUBE-AZRTOS-WB 2.0.0
2025-04-24 12:32:03,957 [INFO] ThirdParty:1030 - CMSIS Pack Vendor :STMicroelectronics X-CUBE-GNSS1 7.0.1
2025-04-24 12:32:03,957 [INFO] ThirdParty:1030 - CMSIS Pack Vendor :STMicroelectronics X-CUBE-AZRTOS-F7 1.1.0
2025-04-24 12:32:03,957 [INFO] ThirdParty:1030 - CMSIS Pack Vendor :STMicroelectronics X-CUBE-AZRTOS-L5 2.0.0
2025-04-24 12:32:03,957 [INFO] ThirdParty:1030 - CMSIS Pack Vendor :STMicroelectronics X-CUBE-TOUCHGFX 4.25.0
2025-04-24 12:32:03,957 [INFO] ThirdParty:1030 - CMSIS Pack Vendor :STMicroelectronics USB_DEVICE 2.0.0
2025-04-24 12:32:03,958 [INFO] ThirdParty:1030 - CMSIS Pack Vendor :STMicroelectronics X-CUBE-NFC6 3.1.0
2025-04-24 12:32:03,960 [INFO] ThirdParty:1030 - CMSIS Pack Vendor :STMicroelectronics FP-SNS-STBOX1 2.0.0
2025-04-24 12:32:03,960 [INFO] ThirdParty:1030 - CMSIS Pack Vendor :STMicroelectronics X-CUBE-MEMS1 11.2.0
2025-04-24 12:32:03,960 [INFO] ThirdParty:1030 - CMSIS Pack Vendor :STMicroelectronics FreeRTOS 0.0.1
2025-04-24 12:32:03,960 [INFO] ThirdParty:1030 - CMSIS Pack Vendor :STMicroelectronics X-CUBE-AZRTOS-G0 1.1.0
2025-04-24 12:32:03,961 [INFO] ThirdParty:1030 - CMSIS Pack Vendor :STMicroelectronics X-CUBE-SAFEA1 1.2.2
2025-04-24 12:32:03,961 [INFO] ThirdParty:1030 - CMSIS Pack Vendor :STMicroelectronics X-CUBE-NFC4 3.0.0
2025-04-24 12:32:03,961 [INFO] ThirdParty:1030 - CMSIS Pack Vendor :STMicroelectronics X-CUBE-SUBG2 5.0.0
2025-04-24 12:32:03,961 [INFO] ThirdParty:1030 - CMSIS Pack Vendor :STMicroelectronics X-CUBE-AZRTOS-H7RS 1.1.0
2025-04-24 12:32:03,961 [INFO] ThirdParty:1030 - CMSIS Pack Vendor :STMicroelectronics STM32_WPAN 1.0.0
2025-04-24 12:32:03,961 [INFO] ThirdParty:1030 - CMSIS Pack Vendor :EmbeddedOffice I-CUBE-FS-RTOS 1.0.1
2025-04-24 12:32:03,961 [INFO] ThirdParty:1030 - CMSIS Pack Vendor :STMicroelectronics lwIP 2.0.3
2025-04-24 12:32:03,962 [INFO] ThirdParty:1030 - CMSIS Pack Vendor :Cesanta I-CUBE-Mongoose 7.13.0
2025-04-24 12:32:03,964 [INFO] ThirdParty:1030 - CMSIS Pack Vendor :STMicroelectronics USB_HOST 1.0.0
2025-04-24 12:32:03,964 [INFO] ThirdParty:1030 - CMSIS Pack Vendor :Infineon AIROC-Wi-Fi-Bluetooth-STM32 1.7.0
2025-04-24 12:32:03,965 [INFO] ThirdParty:1030 - CMSIS Pack Vendor :STMicroelectronics X-CUBE-AZRTOS-G4 2.0.0
2025-04-24 12:32:03,965 [INFO] ThirdParty:1030 - CMSIS Pack Vendor :STMicroelectronics X-CUBE-WB05N 2.0.0
2025-04-24 12:32:03,965 [INFO] ThirdParty:1030 - CMSIS Pack Vendor :STMicroelectronics PDM2PCM 3.1.0
2025-04-24 12:32:03,965 [INFO] ThirdParty:1030 - CMSIS Pack Vendor :STMicroelectronics PDM2PCM 3.3.0
2025-04-24 12:32:03,965 [INFO] ThirdParty:1030 - CMSIS Pack Vendor :wolfSSL I-CUBE-wolfTPM 3.8.0
2025-04-24 12:32:03,965 [INFO] ThirdParty:1030 - CMSIS Pack Vendor :STMicroelectronics X-CUBE-DISPLAY 3.0.0
2025-04-24 12:32:03,966 [INFO] ThirdParty:1030 - CMSIS Pack Vendor :wolfSSL I-CUBE-wolfSSH 1.4.20
2025-04-24 12:32:03,966 [INFO] ThirdParty:1030 - CMSIS Pack Vendor :STMicroelectronics X-CUBE-TCPP 4.2.0
2025-04-24 12:32:03,966 [INFO] ThirdParty:1030 - CMSIS Pack Vendor :RealThread X-CUBE-RT-Thread_Nano 4.1.1
2025-04-24 12:32:03,966 [INFO] ThirdParty:1030 - CMSIS Pack Vendor :STMicroelectronics FP-ATR-SIGFOX1 3.2.0
2025-04-24 12:32:03,966 [INFO] ThirdParty:1030 - CMSIS Pack Vendor :STMicroelectronics X-CUBE-NFC10 1.0.0
2025-04-24 12:32:03,966 [INFO] ThirdParty:1030 - CMSIS Pack Vendor :STMicroelectronics X-CUBE-BLEMGR 4.0.0
2025-04-24 12:32:03,966 [INFO] ThirdParty:1030 - CMSIS Pack Vendor :STMicroelectronics X-CUBE-EEPRMA1 5.1.0
2025-04-24 12:32:03,966 [INFO] ThirdParty:1030 - CMSIS Pack Vendor :STMicroelectronics HAL Drivers 0.0.0
2025-04-24 12:32:03,967 [INFO] ThirdParty:1030 - CMSIS Pack Vendor :STMicroelectronics MBEDTLS 2.16.2
2025-04-24 12:32:03,970 [INFO] ThirdParty:1030 - CMSIS Pack Vendor :STMicroelectronics X-CUBE-IPS 3.1.0
2025-04-24 12:32:03,970 [INFO] ThirdParty:1030 - CMSIS Pack Vendor :STMicroelectronics X-CUBE-ALS 1.0.2
2025-04-24 12:32:03,971 [INFO] ThirdParty:1030 - CMSIS Pack Vendor :emotas I-CUBE-CANOPEN 1.3.0
2025-04-24 12:32:03,971 [INFO] ThirdParty:1030 - CMSIS Pack Vendor :STMicroelectronics X-CUBE-FREERTOS 1.3.0
2025-04-24 12:32:03,971 [INFO] ThirdParty:1030 - CMSIS Pack Vendor :STMicroelectronics X-CUBE-NFC7 1.0.1
2025-04-24 12:32:03,971 [INFO] ThirdParty:1030 - CMSIS Pack Vendor :STMicroelectronics MBEDTLS 2.14.1
2025-04-24 12:32:03,971 [INFO] ThirdParty:1030 - CMSIS Pack Vendor :wolfSSL I-CUBE-wolfSSL 5.7.6
2025-04-24 12:32:03,971 [INFO] ThirdParty:1030 - CMSIS Pack Vendor :ITTIA_DB I-CUBE-ITTIADB 8.9.0
2025-04-24 12:32:03,971 [INFO] ThirdParty:1030 - CMSIS Pack Vendor :portGmbH I-Cube-SoM-uGOAL 1.1.0
2025-04-24 12:32:03,971 [INFO] ThirdParty:1030 - CMSIS Pack Vendor :quantropi X-CUBE-qispace-sdk-base 2.0.0
2025-04-24 12:32:03,971 [INFO] ThirdParty:1030 - CMSIS Pack Vendor :STMicroelectronics X-CUBE-AI 10.0.0
2025-04-24 12:32:03,972 [INFO] ThirdParty:1030 - CMSIS Pack Vendor :STMicroelectronics ThreadX 1.0.0
2025-04-24 12:32:03,972 [INFO] ThirdParty:1030 - CMSIS Pack Vendor :STMicroelectronics FP-SNS-SMARTAG2 1.2.0
2025-04-24 12:32:03,972 [INFO] ThirdParty:1030 - CMSIS Pack Vendor :STMicroelectronics FP-SNS-FLIGHT1 5.1.0
2025-04-24 12:32:03,972 [INFO] ThirdParty:1030 - CMSIS Pack Vendor :STMicroelectronics X-CUBE-AZRTOS-WL 2.0.0
2025-04-24 12:32:03,972 [INFO] ThirdParty:1030 - CMSIS Pack Vendor :SEGGER I-CUBE-embOS 1.3.1
2025-04-24 12:32:03,973 [INFO] ThirdParty:1030 - CMSIS Pack Vendor :STMicroelectronics X-CUBE-ALGOBUILD 1.4.0
2025-04-24 12:32:03,973 [INFO] ThirdParty:1030 - CMSIS Pack Vendor :STMicroelectronics X-CUBE-DPower 1.3.0
2025-04-24 12:32:03,978 [INFO] ThirdParty:1030 - CMSIS Pack Vendor :STMicroelectronics FP-SNS-MOTENV1 5.0.0
2025-04-24 12:32:03,978 [INFO] ThirdParty:1030 - CMSIS Pack Vendor :STMicroelectronics USB_DEVICE 1.0.0
2025-04-24 12:32:03,978 [INFO] ThirdParty:1030 - CMSIS Pack Vendor :STMicroelectronics X-CUBE-AZRTOS-L4 2.0.0
2025-04-24 12:32:03,978 [INFO] ThirdParty:1030 - CMSIS Pack Vendor :STMicroelectronics ThreadX 0.0.2
2025-04-24 12:32:03,978 [INFO] ThirdParty:1030 - CMSIS Pack Vendor :WES I-CUBE-Cesium 1.3.0
2025-04-24 12:32:03,978 [INFO] ThirdParty:1030 - CMSIS Pack Vendor :STMicroelectronics lwIP 2.1.2
2025-04-24 12:32:03,979 [INFO] ThirdParty:1030 - CMSIS Pack Vendor :STMicroelectronics X-CUBE-SFXS2LP1 4.0.0
2025-04-24 12:32:03,979 [INFO] ThirdParty:1030 - CMSIS Pack Vendor :STMicroelectronics X-CUBE-BLE2 3.3.0
2025-04-24 12:32:03,979 [INFO] ThirdParty:1030 - CMSIS Pack Vendor :STMicroelectronics X-CUBE-TOF1 3.4.3
2025-04-24 12:32:03,979 [INFO] ThirdParty:1030 - CMSIS Pack Vendor :STMicroelectronics PDM2PCM 3.2.0
2025-04-24 12:32:03,979 [INFO] ThirdParty:841 - exiting critical section [change project]
2025-04-24 12:32:04,916 [INFO] PinOutPanel:1589 - setPackage(No Configuration,No Configuration)
2025-04-24 12:32:04,919 [INFO] PinOutPanel:1589 - setPackage(STM32L010RBTx,LQFP64)
2025-04-24 12:32:06,484 [INFO] UtilMem:75 - Before build in PCC Used Memory: 231211008 Bytes (584056832)
2025-04-24 12:32:08,066 [INFO] UtilMem:75 - After build in PCC Used Memory: 362283008 Bytes (584056832)
2025-04-24 12:32:08,162 [INFO] IPUIPlugin:80 - create IPUIPlugin
2025-04-24 12:32:08,163 [INFO] IPUIPlugin:80 - create IPUIPlugin
2025-04-24 12:32:08,164 [INFO] IPUIPlugin:80 - create IPUIPlugin
2025-04-24 12:32:08,164 [INFO] IPUIPlugin:80 - create IPUIPlugin
2025-04-24 12:32:08,164 [INFO] IPUIPlugin:80 - create IPUIPlugin
2025-04-24 12:32:08,165 [INFO] IPUIPlugin:80 - create IPUIPlugin
2025-04-24 12:32:08,165 [INFO] IPUIPlugin:80 - create IPUIPlugin
2025-04-24 12:32:08,165 [INFO] IPUIPlugin:80 - create IPUIPlugin
2025-04-24 12:32:08,166 [INFO] IPUIPlugin:80 - create IPUIPlugin
2025-04-24 12:32:08,166 [INFO] IPUIPlugin:80 - create IPUIPlugin
2025-04-24 12:32:08,166 [INFO] IPUIPlugin:80 - create IPUIPlugin
2025-04-24 12:32:08,167 [INFO] IPUIPlugin:80 - create IPUIPlugin
2025-04-24 12:32:08,167 [INFO] IPUIPlugin:80 - create IPUIPlugin
2025-04-24 12:32:08,168 [INFO] IPUIPlugin:80 - create IPUIPlugin
2025-04-24 12:32:08,168 [INFO] IPUIPlugin:80 - create IPUIPlugin
2025-04-24 12:32:08,169 [INFO] IPUIPlugin:80 - create IPUIPlugin
2025-04-24 12:32:08,169 [INFO] IPUIPlugin:80 - create IPUIPlugin
2025-04-24 12:32:08,169 [INFO] IPUIPlugin:80 - create IPUIPlugin
2025-04-24 12:32:08,170 [INFO] IPUIPlugin:80 - create IPUIPlugin
2025-04-24 12:32:08,170 [INFO] IPUIPlugin:80 - create IPUIPlugin
2025-04-24 12:32:08,601 [INFO] CADModel:165 - CPN selected for project levelSTM32L010RBT6
2025-04-24 12:32:08,601 [INFO] CADModel:114 - Register for checkConnection events
2025-04-24 12:32:08,651 [INFO] OpenFileManager:385 - Restore cursor
2025-04-24 12:33:06,731 [INFO] UtilMem:75 - End SaveConfig() Used Memory: 280246944 Bytes (584056832)
2025-04-24 12:33:09,022 [INFO] UtilMem:75 - End SaveConfig() Used Memory: 330893984 Bytes (584056832)
2025-04-24 12:33:10,495 [INFO] BlockDiagram:2775 - set Specific Code input for plugin: ADC
2025-04-24 12:33:10,495 [INFO] BlockDiagram:2775 - set Specific Code input for plugin: NVIC
2025-04-24 12:33:10,496 [INFO] BlockDiagram:2775 - set Specific Code input for plugin: SYS
2025-04-24 12:33:10,499 [INFO] BlockDiagram:2775 - set Specific Code input for plugin: GPIO
2025-04-24 12:33:10,500 [INFO] BlockDiagram:2775 - set Specific Code input for plugin: USART
2025-04-24 12:33:10,500 [INFO] BlockDiagram:2775 - set Specific Code input for plugin: RCC
2025-04-24 12:33:10,501 [INFO] CodeGenerator:882 - code generatio: config db path: /opt/st/stm32cubeide_1.18.1/plugins/com.st.stm32cube.common.mx_6.14.1.202504091515//db/
2025-04-24 12:33:11,110 [INFO] CodeEngine:263 - oldGeneratedFile, /home/barin/Documents/barin_stm32/STM32L010RBT6_ADC_IN6/MXTmpFiles/license.tmp_save
2025-04-24 12:33:12,206 [INFO] CodeEngine:287 - Generated code: /home/barin/Documents/barin_stm32/STM32L010RBT6_ADC_IN6/MXTmpFiles/license.tmp
2025-04-24 12:33:12,416 [INFO] CodeEngine:263 - oldGeneratedFile, /home/barin/Documents/barin_stm32/STM32L010RBT6_ADC_IN6/MXTmpFiles/gpio.tmp_save
2025-04-24 12:33:12,752 [INFO] CodeEngine:287 - Generated code: /home/barin/Documents/barin_stm32/STM32L010RBT6_ADC_IN6/MXTmpFiles/gpio.tmp
2025-04-24 12:33:13,247 [INFO] CodeEngine:263 - oldGeneratedFile, /home/barin/Documents/barin_stm32/STM32L010RBT6_ADC_IN6/Core/Src/stm32l0xx_it.c_save
2025-04-24 12:33:13,570 [INFO] CodeEngine:287 - Generated code: /home/barin/Documents/barin_stm32/STM32L010RBT6_ADC_IN6/Core/Src/stm32l0xx_it.c
2025-04-24 12:33:13,580 [INFO] CodeEngine:263 - oldGeneratedFile, /home/barin/Documents/barin_stm32/STM32L010RBT6_ADC_IN6/Core/Inc/stm32l0xx_it.h_save
2025-04-24 12:33:13,762 [INFO] CodeEngine:287 - Generated code: /home/barin/Documents/barin_stm32/STM32L010RBT6_ADC_IN6/Core/Inc/stm32l0xx_it.h
2025-04-24 12:33:13,778 [INFO] CodeEngine:263 - oldGeneratedFile, /home/barin/Documents/barin_stm32/STM32L010RBT6_ADC_IN6/Core/Src/stm32l0xx_hal_msp.c_save
2025-04-24 12:33:14,298 [INFO] CodeEngine:287 - Generated code: /home/barin/Documents/barin_stm32/STM32L010RBT6_ADC_IN6/Core/Src/stm32l0xx_hal_msp.c
2025-04-24 12:33:14,310 [INFO] CodeEngine:263 - oldGeneratedFile, /home/barin/Documents/barin_stm32/STM32L010RBT6_ADC_IN6/MXTmpFiles/system.tmp_save
2025-04-24 12:33:14,557 [INFO] CodeEngine:287 - Generated code: /home/barin/Documents/barin_stm32/STM32L010RBT6_ADC_IN6/MXTmpFiles/system.tmp
2025-04-24 12:33:14,573 [INFO] CodeEngine:319 - oldGeneratedFile, /home/barin/Documents/barin_stm32/STM32L010RBT6_ADC_IN6/Core/Inc/stm32l0xx_hal_conf.h_save
2025-04-24 12:33:14,732 [INFO] CodeEngine:343 - Generated code: /home/barin/Documents/barin_stm32/STM32L010RBT6_ADC_IN6/Core/Inc/stm32l0xx_hal_conf.h
2025-04-24 12:33:14,809 [INFO] ApiDbMcu:508 - Load IP Config File for ADC
2025-04-24 12:33:14,826 [INFO] ApiDbMcu:508 - Load IP Config File for USART2
2025-04-24 12:33:14,836 [INFO] ApiDbMcu:508 - Load IP Config File for RCC
2025-04-24 12:33:14,854 [INFO] CodeEngine:263 - oldGeneratedFile, /home/barin/Documents/barin_stm32/STM32L010RBT6_ADC_IN6/Core/Inc/main.h_save
2025-04-24 12:33:15,121 [INFO] CodeEngine:287 - Generated code: /home/barin/Documents/barin_stm32/STM32L010RBT6_ADC_IN6/Core/Inc/main.h
2025-04-24 12:33:15,125 [INFO] CodeEngine:263 - oldGeneratedFile, /home/barin/Documents/barin_stm32/STM32L010RBT6_ADC_IN6/Core/Src/main.c_save
2025-04-24 12:33:15,535 [INFO] CodeEngine:287 - Generated code: /home/barin/Documents/barin_stm32/STM32L010RBT6_ADC_IN6/Core/Src/main.c
2025-04-24 12:33:16,123 [INFO] ProjectBuilder:3324 - Time for Copy HAL[1] : 124mS.
2025-04-24 12:33:16,133 [INFO] ProjectBuilder:4912 - Project Generator version: 4.6.0.1-B1
2025-04-24 12:33:16,449 [INFO] ConfigFileManager:1590 - The Die is : DIE447
2025-04-24 12:33:16,463 [INFO] ApiDbMcu:508 - Load IP Config File for FATFS
2025-04-24 12:33:16,475 [INFO] ApiDbMcu:508 - Load IP Config File for FREERTOS
2025-04-24 12:33:17,335 [INFO] LogOutputStream:77 - [STDOUT_REDIRECT] 
2025-04-24 12:33:20,189 [INFO] ProjectBuilder:5191 - Time for Generating toolchain IDE Files: 4054mS.
2025-04-24 12:33:20,190 [INFO] ProjectBuilder:3181 - Time for Copy CMSIS : 0mS.
2025-04-24 12:33:20,195 [INFO] ProjectBuilder:3181 - Time for Copy CMSIS : 0mS.
2025-04-24 12:41:16,466 [ERROR] LogOutputStream:75 - [STDERR_REDIRECT] 
