2025-05-02 14:13:30,287 [INFO] Activator:176 - 


2025-05-02 14:13:30,295 [INFO] Activator:177 - !SESSION log4j initialized
2025-05-02 14:13:38,797 [INFO] LogOutputStream:77 - [STDOUT_REDIRECT] 
2025-05-02 14:13:41,231 [INFO] ApplicationProperties:184 - Using Application install path: /opt/st/stm32cubeide_1.18.1/plugins/com.st.stm32cube.common.mx_6.14.1.202504091515
2025-05-02 14:13:41,263 [INFO] DbMcusXml:78 - Set database path to: /opt/st/stm32cubeide_1.18.1/plugins/com.st.stm32cube.common.mx_6.14.1.202504091515//db//mcu/
2025-05-02 14:13:41,264 [INFO] ApiDb:274 - Set plugin database path to: /opt/st/stm32cubeide_1.18.1/plugins/com.st.stm32cube.common.mx_6.14.1.202504091515//db//plugins/boardmanager/
2025-05-02 14:13:41,264 [WARN] ApiDb:259 - Overriding images path with different value:  => /opt/st/stm32cubeide_1.18.1/plugins/com.st.stm32cube.common.mx_6.14.1.202504091515//db//plugins/mcufinder/images/
2025-05-02 14:13:41,279 [INFO] ApiDb:250 - Set database path to: /home/barin/.stmcufinder/plugins/mcufinder//mcu/
2025-05-02 14:13:41,282 [INFO] DbMcusAds:125 - Set database path to: /home/barin/.stmcufinder/plugins/mcufinder//mcu/
2025-05-02 14:13:41,286 [INFO] CrossReferenceDbSqlite:203 - Set database path to: /home/barin/.stmcufinder/plugins/mcufinder//mcu/cs/
2025-05-02 14:13:41,489 [INFO] RulesReader:64 - Compatibility file has been processed (302 Rules)
2025-05-02 14:13:41,627 [INFO] DbMcusXml:78 - Set database path to: /opt/st/stm32cubeide_1.18.1/plugins/com.st.stm32cube.common.mx_6.14.1.202504091515//db//mcu/
2025-05-02 14:13:41,627 [INFO] ApiDb:274 - Set plugin database path to: /opt/st/stm32cubeide_1.18.1/plugins/com.st.stm32cube.common.mx_6.14.1.202504091515//db//plugins/boardmanager/
2025-05-02 14:13:41,627 [INFO] ApiDb:261 - Set plugin images path to: /opt/st/stm32cubeide_1.18.1/plugins/com.st.stm32cube.common.mx_6.14.1.202504091515//db//plugins/mcufinder/images/
2025-05-02 14:13:41,628 [WARN] DbFile:41 - Overriding database path with different value: /home/barin/.stmcufinder/plugins/mcufinder/ => /home/barin/.stmcufinder/plugins/mcufinder
2025-05-02 14:13:41,628 [INFO] ApiDb:250 - Set database path to: /home/barin/.stmcufinder/plugins/mcufinder//mcu/
2025-05-02 14:13:41,628 [WARN] DbFile:41 - Overriding database path with different value: /home/barin/.stmcufinder/plugins/mcufinder/ => /home/barin/.stmcufinder/plugins/mcufinder
2025-05-02 14:13:41,629 [INFO] DbMcusAds:125 - Set database path to: /home/barin/.stmcufinder/plugins/mcufinder//mcu/
2025-05-02 14:13:41,629 [WARN] DbFile:41 - Overriding database path with different value: /home/barin/.stmcufinder/plugins/mcufinder/ => /home/barin/.stmcufinder/plugins/mcufinder
2025-05-02 14:13:41,629 [WARN] DbFile:41 - Overriding database path with different value: /home/barin/.stmcufinder/plugins/mcufinder/ => /home/barin/.stmcufinder/plugins/mcufinder
2025-05-02 14:13:41,629 [INFO] CrossReferenceDbSqlite:203 - Set database path to: /home/barin/.stmcufinder/plugins/mcufinder//mcu/cs/
2025-05-02 14:13:41,762 [INFO] MainPanel:272 - HeapMemory: 268435456
2025-05-02 14:13:42,049 [INFO] DbMcusXml:78 - Set database path to: /opt/st/stm32cubeide_1.18.1/plugins/com.st.stm32cube.common.mx_6.14.1.202504091515//db//mcu/
2025-05-02 14:13:42,056 [INFO] ApiDb:274 - Set plugin database path to: /opt/st/stm32cubeide_1.18.1/plugins/com.st.stm32cube.common.mx_6.14.1.202504091515//db//plugins/boardmanager/
2025-05-02 14:13:42,056 [INFO] ApiDb:261 - Set plugin images path to: /opt/st/stm32cubeide_1.18.1/plugins/com.st.stm32cube.common.mx_6.14.1.202504091515//db//plugins/mcufinder/images/
2025-05-02 14:13:42,057 [WARN] DbFile:41 - Overriding database path with different value: /home/barin/.stmcufinder/plugins/mcufinder/ => /home/barin/.stmcufinder/plugins/mcufinder
2025-05-02 14:13:42,057 [INFO] ApiDb:250 - Set database path to: /home/barin/.stmcufinder/plugins/mcufinder//mcu/
2025-05-02 14:13:42,058 [WARN] DbFile:41 - Overriding database path with different value: /home/barin/.stmcufinder/plugins/mcufinder/ => /home/barin/.stmcufinder/plugins/mcufinder
2025-05-02 14:13:42,058 [INFO] DbMcusAds:125 - Set database path to: /home/barin/.stmcufinder/plugins/mcufinder//mcu/
2025-05-02 14:13:42,058 [WARN] DbFile:41 - Overriding database path with different value: /home/barin/.stmcufinder/plugins/mcufinder/ => /home/barin/.stmcufinder/plugins/mcufinder
2025-05-02 14:13:42,058 [WARN] DbFile:41 - Overriding database path with different value: /home/barin/.stmcufinder/plugins/mcufinder/ => /home/barin/.stmcufinder/plugins/mcufinder
2025-05-02 14:13:42,058 [INFO] CrossReferenceDbSqlite:203 - Set database path to: /home/barin/.stmcufinder/plugins/mcufinder//mcu/cs/
2025-05-02 14:13:42,091 [INFO] ApplicationProperties:184 - Using Application install path: /opt/st/stm32cubeide_1.18.1/plugins/com.st.stm32cube.common.mx_6.14.1.202504091515
2025-05-02 14:13:42,095 [INFO] PluginManage:196 - Search for loadable plugins [exclusion list=, ]
2025-05-02 14:13:42,098 [INFO] PluginManage:310 - Check plugin analytics
2025-05-02 14:13:42,389 [INFO] AnalyticsPlugin:253 - Accepted Software Licenses: 
2025-05-02 14:13:42,389 [INFO] AnalyticsPlugin:255 - Accepted CMSIS Pack Licenses: 
2025-05-02 14:13:42,390 [INFO] AnalyticsPlugin:257 - Accepted Firmware Licenses: 
2025-05-02 14:13:42,397 [INFO] PluginManage:359 - Loaded plugin analytics (category:tool,tabindex:-1)
2025-05-02 14:13:42,397 [INFO] PluginManage:310 - Check plugin cadmodel
2025-05-02 14:13:42,405 [INFO] CADModel:105 - Init CAD model plugin
2025-05-02 14:13:42,405 [INFO] PluginManage:359 - Loaded plugin cadmodel (category:power,tabindex:5)
2025-05-02 14:13:42,406 [INFO] PluginManage:310 - Check plugin clock
2025-05-02 14:13:42,418 [INFO] PluginManage:359 - Loaded plugin clock (category:base,tabindex:2)
2025-05-02 14:13:42,418 [INFO] PluginManage:310 - Check plugin ddr
2025-05-02 14:13:42,422 [INFO] PluginManage:359 - Loaded plugin ddr (category:tool,tabindex:6)
2025-05-02 14:13:42,423 [INFO] PluginManage:310 - Check plugin filemanager
2025-05-02 14:13:42,620 [INFO] PluginManage:359 - Loaded plugin filemanager (category:base,tabindex:10)
2025-05-02 14:13:42,620 [INFO] PluginManage:310 - Check plugin ipmanager
2025-05-02 14:13:42,629 [INFO] PluginManage:359 - Loaded plugin ipmanager (category:base,tabindex:5)
2025-05-02 14:13:42,629 [INFO] PluginManage:310 - Check plugin lpbam
2025-05-02 14:13:42,643 [INFO] PluginManage:359 - Loaded plugin lpbam (category:base,tabindex:0)
2025-05-02 14:13:42,643 [INFO] PluginManage:310 - Check plugin memorymap
2025-05-02 14:13:42,660 [INFO] PluginManage:359 - Loaded plugin memorymap (category:base,tabindex:4)
2025-05-02 14:13:42,660 [INFO] PluginManage:310 - Check plugin pinoutandconfiguration
2025-05-02 14:13:42,673 [INFO] PluginManage:359 - Loaded plugin pinoutandconfiguration (category:base,tabindex:1)
2025-05-02 14:13:42,673 [INFO] PluginManage:310 - Check plugin pinoutconfig
2025-05-02 14:13:42,835 [WARN] SupportedApi:132 - Cannot load RTOS API schema: s4s-elt-must-match.1: The content of 'definitions' must match (annotation?, (simpleType | complexType)?, (unique | key | keyref)*)). A problem was found starting at: attribute.
2025-05-02 14:13:43,111 [INFO] PluginManage:359 - Loaded plugin pinoutconfig (category:base,tabindex:0)
2025-05-02 14:13:43,112 [INFO] PluginManage:310 - Check plugin power
2025-05-02 14:13:43,130 [INFO] PluginManage:359 - Loaded plugin power (category:power,tabindex:4)
2025-05-02 14:13:43,131 [INFO] PluginManage:310 - Check plugin projectmanager
2025-05-02 14:13:43,168 [INFO] PluginManage:359 - Loaded plugin projectmanager (category:projectmanager,tabindex:4)
2025-05-02 14:13:43,169 [INFO] PluginManage:310 - Check plugin rif
2025-05-02 14:13:43,182 [INFO] PluginManage:359 - Loaded plugin rif (category:base,tabindex:3)
2025-05-02 14:13:43,182 [INFO] PluginManage:310 - Check plugin thirdparty
2025-05-02 14:13:43,413 [WARN] IntegrityCheckThread:84 - waiting for thirdparty lock release [integrity check]
2025-05-02 14:13:43,413 [INFO] IntegrityCheckThread:86 - entering critical section [integrity check]
2025-05-02 14:13:43,414 [INFO] ThirdPartyUpdaterWithRetryManager:70 - Updater plugin not ready yet. [1/15]
2025-05-02 14:13:43,415 [INFO] PluginManage:359 - Loaded plugin thirdparty (category:base,tabindex:-1)
2025-05-02 14:13:43,416 [INFO] PluginManage:310 - Check plugin tools
2025-05-02 14:13:43,420 [INFO] PluginManage:359 - Loaded plugin tools (category:base,tabindex:7)
2025-05-02 14:13:43,420 [INFO] PluginManage:310 - Check plugin tutovideos
2025-05-02 14:13:43,668 [INFO] PluginManage:359 - Loaded plugin tutovideos (category:base,tabindex:-1)
2025-05-02 14:13:43,668 [INFO] PluginManage:310 - Check plugin updater
2025-05-02 14:13:43,703 [INFO] PluginManage:359 - Loaded plugin updater (category:base,tabindex:12)
2025-05-02 14:13:43,704 [INFO] PluginManage:310 - Check plugin userauth
2025-05-02 14:13:43,711 [INFO] UserAuth:118 - Init User Auth plugin
2025-05-02 14:13:43,713 [INFO] PluginManage:359 - Loaded plugin userauth (category:base,tabindex:14)
2025-05-02 14:13:43,713 [INFO] PluginManage:283 - PluginManage : Loaded plugins [18]
2025-05-02 14:13:43,999 [INFO] PinOutPanel:1589 - setPackage(No Configuration,No Configuration)
2025-05-02 14:13:44,103 [INFO] CADModel:165 - CPN selected for project level
2025-05-02 14:13:44,103 [INFO] CADModel:114 - Register for checkConnection events
2025-05-02 14:13:44,119 [INFO] IPUIPlugin:80 - create IPUIPlugin
2025-05-02 14:13:44,119 [INFO] PluginManager:220 - loadIPPluginJar : add fatfs
2025-05-02 14:13:44,124 [INFO] IPUIPlugin:80 - create IPUIPlugin
2025-05-02 14:13:44,125 [INFO] PluginManager:220 - loadIPPluginJar : add dma3
2025-05-02 14:13:44,128 [INFO] IPUIPlugin:80 - create IPUIPlugin
2025-05-02 14:13:44,129 [INFO] PluginManager:220 - loadIPPluginJar : add radio
2025-05-02 14:13:44,131 [INFO] IPUIPlugin:80 - create IPUIPlugin
2025-05-02 14:13:44,132 [INFO] PluginManager:220 - loadIPPluginJar : add quadspi
2025-05-02 14:13:44,140 [INFO] IPUIPlugin:80 - create IPUIPlugin
2025-05-02 14:13:44,141 [INFO] PluginManager:220 - loadIPPluginJar : add extmemmanager
2025-05-02 14:13:44,146 [INFO] IPUIPlugin:80 - create IPUIPlugin
2025-05-02 14:13:44,146 [INFO] PluginManager:220 - loadIPPluginJar : add ipddr
2025-05-02 14:13:44,151 [INFO] IPUIPlugin:80 - create IPUIPlugin
2025-05-02 14:13:44,151 [INFO] PluginManager:220 - loadIPPluginJar : add can
2025-05-02 14:13:44,161 [INFO] IPUIPlugin:80 - create IPUIPlugin
2025-05-02 14:13:44,162 [INFO] PluginManager:220 - loadIPPluginJar : add mdma
2025-05-02 14:13:44,167 [INFO] IPUIPlugin:80 - create IPUIPlugin
2025-05-02 14:13:44,167 [INFO] PluginManager:220 - loadIPPluginJar : add touchsensing
2025-05-02 14:13:44,171 [INFO] IPUIPlugin:80 - create IPUIPlugin
2025-05-02 14:13:44,172 [INFO] PluginManager:220 - loadIPPluginJar : add lorawan
2025-05-02 14:13:44,175 [INFO] IPUIPlugin:80 - create IPUIPlugin
2025-05-02 14:13:44,175 [INFO] PluginManager:220 - loadIPPluginJar : add tracer_emb
2025-05-02 14:13:44,180 [INFO] IPUIPlugin:80 - create IPUIPlugin
2025-05-02 14:13:44,180 [INFO] PluginManager:220 - loadIPPluginJar : add dfsdm
2025-05-02 14:13:44,192 [INFO] IPUIPlugin:80 - create IPUIPlugin
2025-05-02 14:13:44,193 [INFO] PluginManager:220 - loadIPPluginJar : add stm32_wpan
2025-05-02 14:13:44,197 [INFO] IPUIPlugin:80 - create IPUIPlugin
2025-05-02 14:13:44,197 [INFO] PluginManager:220 - loadIPPluginJar : add i2c
2025-05-02 14:13:44,207 [INFO] IPUIPlugin:80 - create IPUIPlugin
2025-05-02 14:13:44,207 [INFO] PluginManager:220 - loadIPPluginJar : add adc
2025-05-02 14:13:44,211 [INFO] IPUIPlugin:80 - create IPUIPlugin
2025-05-02 14:13:44,211 [INFO] PluginManager:220 - loadIPPluginJar : add gfxmmu
2025-05-02 14:13:44,216 [INFO] IPUIPlugin:80 - create IPUIPlugin
2025-05-02 14:13:44,217 [INFO] PluginManager:220 - loadIPPluginJar : add usbx
2025-05-02 14:13:44,219 [INFO] IPUIPlugin:80 - create IPUIPlugin
2025-05-02 14:13:44,220 [INFO] PluginManager:220 - loadIPPluginJar : add ltdc
2025-05-02 14:13:44,223 [INFO] IPUIPlugin:80 - create IPUIPlugin
2025-05-02 14:13:44,223 [INFO] PluginManager:220 - loadIPPluginJar : add comp
2025-05-02 14:13:44,228 [INFO] IPUIPlugin:80 - create IPUIPlugin
2025-05-02 14:13:44,228 [INFO] PluginManager:220 - loadIPPluginJar : add ddr_ctrl_phy
2025-05-02 14:13:44,238 [INFO] IPUIPlugin:80 - create IPUIPlugin
2025-05-02 14:13:44,239 [INFO] PluginManager:220 - loadIPPluginJar : add freertos
2025-05-02 14:13:44,244 [INFO] IPUIPlugin:80 - create IPUIPlugin
2025-05-02 14:13:44,244 [INFO] PluginManager:220 - loadIPPluginJar : add pdm2pcm
2025-05-02 14:13:44,249 [INFO] IPUIPlugin:80 - create IPUIPlugin
2025-05-02 14:13:44,249 [INFO] PluginManager:220 - loadIPPluginJar : add spi
2025-05-02 14:13:44,252 [INFO] IPUIPlugin:80 - create IPUIPlugin
2025-05-02 14:13:44,253 [INFO] PluginManager:220 - loadIPPluginJar : add ts
2025-05-02 14:13:44,256 [INFO] IPUIPlugin:80 - create IPUIPlugin
2025-05-02 14:13:44,256 [INFO] PluginManager:220 - loadIPPluginJar : add genericplugin
2025-05-02 14:13:44,261 [INFO] IPUIPlugin:80 - create IPUIPlugin
2025-05-02 14:13:44,261 [INFO] PluginManager:220 - loadIPPluginJar : add opamp
2025-05-02 14:13:44,265 [INFO] IPUIPlugin:80 - create IPUIPlugin
2025-05-02 14:13:44,265 [INFO] PluginManager:220 - loadIPPluginJar : add cryp
2025-05-02 14:13:44,268 [INFO] IPUIPlugin:80 - create IPUIPlugin
2025-05-02 14:13:44,269 [INFO] PluginManager:220 - loadIPPluginJar : add tim
2025-05-02 14:13:44,272 [INFO] IPUIPlugin:80 - create IPUIPlugin
2025-05-02 14:13:44,272 [INFO] PluginManager:220 - loadIPPluginJar : add ucpd
2025-05-02 14:13:44,282 [INFO] IPUIPlugin:80 - create IPUIPlugin
2025-05-02 14:13:44,283 [INFO] PluginManager:220 - loadIPPluginJar : add gic
2025-05-02 14:13:44,288 [INFO] IPUIPlugin:80 - create IPUIPlugin
2025-05-02 14:13:44,288 [INFO] PluginManager:220 - loadIPPluginJar : add openamp
2025-05-02 14:13:44,294 [INFO] IPUIPlugin:80 - create IPUIPlugin
2025-05-02 14:13:44,294 [INFO] PluginManager:220 - loadIPPluginJar : add sai
2025-05-02 14:13:44,298 [INFO] IPUIPlugin:80 - create IPUIPlugin
2025-05-02 14:13:44,298 [INFO] PluginManager:220 - loadIPPluginJar : add usart
2025-05-02 14:13:44,310 [INFO] IPUIPlugin:80 - create IPUIPlugin
2025-05-02 14:13:44,310 [INFO] PluginManager:220 - loadIPPluginJar : add linkedlist
2025-05-02 14:13:44,314 [INFO] IPUIPlugin:80 - create IPUIPlugin
2025-05-02 14:13:44,315 [INFO] PluginManager:220 - loadIPPluginJar : add i3c
2025-05-02 14:13:44,321 [INFO] IPUIPlugin:80 - create IPUIPlugin
2025-05-02 14:13:44,322 [INFO] PluginManager:220 - loadIPPluginJar : add nvic
2025-05-02 14:13:44,325 [INFO] IPUIPlugin:80 - create IPUIPlugin
2025-05-02 14:13:44,325 [INFO] PluginManager:220 - loadIPPluginJar : add tsc
2025-05-02 14:13:44,329 [INFO] IPUIPlugin:80 - create IPUIPlugin
2025-05-02 14:13:44,330 [INFO] PluginManager:220 - loadIPPluginJar : add gtzc
2025-05-02 14:13:44,334 [INFO] IPUIPlugin:80 - create IPUIPlugin
2025-05-02 14:13:44,334 [INFO] PluginManager:220 - loadIPPluginJar : add i2s
2025-05-02 14:13:44,340 [INFO] IPUIPlugin:80 - create IPUIPlugin
2025-05-02 14:13:44,340 [INFO] PluginManager:220 - loadIPPluginJar : add resmgrutility
2025-05-02 14:13:44,350 [INFO] IPUIPlugin:80 - create IPUIPlugin
2025-05-02 14:13:44,350 [INFO] PluginManager:220 - loadIPPluginJar : add dma
2025-05-02 14:13:44,357 [INFO] IPUIPlugin:80 - create IPUIPlugin
2025-05-02 14:13:44,358 [INFO] PluginManager:220 - loadIPPluginJar : add fmc
2025-05-02 14:13:44,362 [INFO] IPUIPlugin:80 - create IPUIPlugin
2025-05-02 14:13:44,362 [INFO] PluginManager:220 - loadIPPluginJar : add aes
2025-05-02 14:13:44,370 [INFO] IPUIPlugin:80 - create IPUIPlugin
2025-05-02 14:13:44,370 [INFO] PluginManager:220 - loadIPPluginJar : add gpio
2025-05-02 14:13:44,384 [INFO] IPUIPlugin:80 - create IPUIPlugin
2025-05-02 14:13:44,390 [INFO] PluginManager:220 - loadIPPluginJar : add plateformsettings
2025-05-02 14:13:44,394 [INFO] IPUIPlugin:80 - create IPUIPlugin
2025-05-02 14:13:44,394 [INFO] PluginManager:220 - loadIPPluginJar : add hash
2025-05-02 14:13:44,535 [FATAL] Updater:351 - Updater called before beeing initialized
2025-05-02 14:13:44,606 [INFO] RulesReader:64 - Compatibility file has been processed (302 Rules)
2025-05-02 14:13:44,625 [INFO] RulesReader:64 - Compatibility file has been processed (302 Rules)
2025-05-02 14:13:44,637 [INFO] CADModel:165 - CPN selected for project level
2025-05-02 14:13:44,637 [INFO] CADModel:114 - Register for checkConnection events
2025-05-02 14:13:44,637 [FATAL] Updater:351 - Updater called before beeing initialized
2025-05-02 14:13:44,637 [ERROR] CADModel:125 - Updater not yet initialized, retry later 
2025-05-02 14:13:44,879 [FATAL] Updater:351 - Updater called before beeing initialized
2025-05-02 14:13:44,882 [INFO] CADModel:165 - CPN selected for project level
2025-05-02 14:13:44,882 [INFO] CADModel:114 - Register for checkConnection events
2025-05-02 14:13:44,882 [FATAL] Updater:351 - Updater called before beeing initialized
2025-05-02 14:13:44,882 [ERROR] CADModel:125 - Updater not yet initialized, retry later 
2025-05-02 14:13:44,888 [FATAL] Updater:351 - Updater called before beeing initialized
2025-05-02 14:13:45,083 [FATAL] Updater:351 - Updater called before beeing initialized
2025-05-02 14:13:45,090 [INFO] DbMcusAds:53 - JSON generation date=Thu Mar 06 16:54:22 EET 2025 (1741272862204)
2025-05-02 14:13:45,090 [FATAL] Updater:351 - Updater called before beeing initialized
2025-05-02 14:13:45,142 [WARN] DetailPanel:346 - Failed to get advertising image, set to default
2025-05-02 14:13:45,562 [FATAL] Updater:351 - Updater called before beeing initialized
2025-05-02 14:13:45,566 [FATAL] Updater:351 - Updater called before beeing initialized
2025-05-02 14:13:45,566 [FATAL] Updater:351 - Updater called before beeing initialized
2025-05-02 14:13:45,566 [WARN] DetailPanel:346 - Failed to get advertising image, set to default
2025-05-02 14:13:45,568 [FATAL] Updater:351 - Updater called before beeing initialized
2025-05-02 14:13:45,640 [ERROR] Updater:1198 - MainUpdater not yet initialized. External WinMGr cannot be set.
2025-05-02 14:13:45,644 [INFO] Updater:1134 - Updater Version found : 6.14.1
2025-05-02 14:13:45,683 [INFO] ApplicationProperties:184 - Using Application install path: /opt/st/stm32cubeide_1.18.1/plugins/com.st.stm32cube.common.mx_6.14.1.202504091515
2025-05-02 14:13:46,209 [INFO] MainUpdater:2872 - connection check result : 10
2025-05-02 14:13:46,213 [INFO] MainUpdater:289 - Updater Check For Update Now.
2025-05-02 14:13:46,213 [INFO] MicroXplorer:498 - Change Database Version : DB.6.0.141
2025-05-02 14:13:46,236 [INFO] McuFinderGlobals:63 - Set McuFinder mode to 2 (CubeIDE integrated)
2025-05-02 14:13:46,240 [INFO] UserAuth:484 - Internet connection configuration mode: 1
2025-05-02 14:13:46,321 [INFO] JxBrowserEngine:152 - Initiate JxBrowser Engine with user profile folder
2025-05-02 14:13:46,415 [WARN] MainUpdater:1193 - Updater busy. Cannot search thirdparties
2025-05-02 14:13:46,416 [INFO] ThirdPartyUpdaterWithRetryManager:96 - Updater plugin is busy. [1/15]
2025-05-02 14:13:46,522 [INFO] CheckServerUpdateThread:120 - End of CheckServer Thread
2025-05-02 14:13:48,709 [INFO] WebApp:169 - Instantiating new browser for Auth
2025-05-02 14:13:49,908 [WARN] PackLoader:240 - Cannot read IP mode file for STMicroelectronics.FP-SNS-MOTENVWB1.1.4.0
2025-05-02 14:13:49,930 [WARN] PackLoader:240 - Cannot read IP mode file for STMicroelectronics.FP-ATR-ASTRA1.2.0.2
2025-05-02 14:13:49,951 [WARN] PackLoader:240 - Cannot read IP mode file for STMicroelectronics.X-CUBE-SMBUS.2.1.0
2025-05-02 14:13:49,980 [WARN] PackLoader:240 - Cannot read IP mode file for STMicroelectronics.X-CUBE-WB05N.1.1.0
2025-05-02 14:13:50,105 [WARN] PackLoader:240 - Cannot read IP mode file for STMicroelectronics.X-CUBE-AZRTOS-F7.1.1.0
2025-05-02 14:13:50,183 [WARN] PackLoader:240 - Cannot read IP mode file for Infineon.AIROC-Wi-Fi-Bluetooth-STM32.1.7.0
2025-05-02 14:13:50,217 [WARN] PackLoader:240 - Cannot read IP mode file for STMicroelectronics.X-CUBE-DISPLAY.3.0.0
2025-05-02 14:13:50,265 [WARN] PackLoader:240 - Cannot read IP mode file for STMicroelectronics.X-CUBE-NFC10.1.0.0
2025-05-02 14:13:50,305 [WARN] PackLoader:240 - Cannot read IP mode file for STMicroelectronics.X-CUBE-BLEMGR.4.0.0
2025-05-02 14:13:50,330 [WARN] PackLoader:240 - Cannot read IP mode file for emotas.I-CUBE-CANOPEN.1.3.0
2025-05-02 14:13:50,340 [WARN] ConditionMgr:438 - getConditionDescription Invalid condition id : Cortex-A Device cause : null
2025-05-02 14:13:50,393 [WARN] ConditionMgr:1044 - genDependencies : Invalid condition id : Cortex-A Device cause : null
2025-05-02 14:13:50,393 [WARN] ConditionMgr:1044 - genDependencies : Invalid condition id : Cortex-A Device cause : null
2025-05-02 14:13:50,394 [WARN] ConditionMgr:1044 - genDependencies : Invalid condition id : Cortex-A Device cause : null
2025-05-02 14:13:50,407 [WARN] PackLoader:240 - Cannot read IP mode file for STMicroelectronics.X-CUBE-AI.10.0.0
2025-05-02 14:13:50,423 [WARN] PackLoader:240 - Cannot read IP mode file for STMicroelectronics.FP-SNS-SMARTAG2.1.2.0
2025-05-02 14:13:50,439 [WARN] PackLoader:240 - Cannot read IP mode file for STMicroelectronics.FP-SNS-FLIGHT1.5.1.0
2025-05-02 14:13:50,471 [INFO] LogOutputStream:77 - [STDOUT_REDIRECT] 1 : Invalid condition id : UX_CORESTACK_Condition cause : null
2025-05-02 14:13:50,472 [INFO] LogOutputStream:77 - [STDOUT_REDIRECT] 1 : Invalid condition id : UX_CORESTACK_Condition cause : null
2025-05-02 14:13:50,474 [INFO] LogOutputStream:77 - [STDOUT_REDIRECT] 1 : Invalid condition id : UX_CORESTACK_Condition cause : null
2025-05-02 14:13:50,475 [INFO] LogOutputStream:77 - [STDOUT_REDIRECT] 1 : Invalid condition id : UX_CORESTACK_Condition cause : null
2025-05-02 14:13:50,479 [INFO] LogOutputStream:77 - [STDOUT_REDIRECT] 1 : Invalid condition id : UX_CORESTACK_Condition cause : null
2025-05-02 14:13:50,485 [WARN] PackLoader:240 - Cannot read IP mode file for STMicroelectronics.X-CUBE-AZRTOS-WL.2.0.0
2025-05-02 14:13:50,497 [WARN] PackLoader:240 - Cannot read IP mode file for STMicroelectronics.FP-SNS-MOTENV1.5.0.0
2025-05-02 14:13:50,518 [WARN] PackLoader:240 - Cannot read IP mode file for WES.I-CUBE-Cesium.1.3.0
2025-05-02 14:13:50,529 [WARN] PackLoader:240 - Cannot read IP mode file for STMicroelectronics.X-CUBE-BLE2.3.3.0
2025-05-02 14:13:50,545 [WARN] PackLoader:240 - Cannot read IP mode file for STMicroelectronics.X-CUBE-NFC9.1.0.0
2025-05-02 14:13:50,564 [WARN] PackLoader:240 - Cannot read IP mode file for STMicroelectronics.X-CUBE-BLE1.7.1.0
2025-05-02 14:13:50,574 [WARN] PackLoader:240 - Cannot read IP mode file for wolfSSL.I-CUBE-wolfMQTT.1.19.2
2025-05-02 14:13:50,796 [WARN] PackLoader:240 - Cannot read IP mode file for STMicroelectronics.X-CUBE-MEMS1.11.2.0
2025-05-02 14:13:51,380 [INFO] WebApp:463 - Apply proxy settings
2025-05-02 14:13:51,381 [INFO] WebApp:548 - Chromium requires no authentication
2025-05-02 14:13:51,447 [INFO] WebApp:491 - Direct internet connection detected
2025-05-02 14:13:51,531 [WARN] PackLoader:240 - Cannot read IP mode file for STMicroelectronics.X-CUBE-AZRTOS-G0.1.1.0
2025-05-02 14:13:51,541 [INFO] WebApp:894 - Register for checkConnection events
2025-05-02 14:13:51,541 [INFO] WebApp:463 - Apply proxy settings
2025-05-02 14:13:51,549 [INFO] WebApp:548 - Chromium requires no authentication
2025-05-02 14:13:51,554 [INFO] WebApp:491 - Direct internet connection detected
2025-05-02 14:13:51,564 [WARN] PackLoader:240 - Cannot read IP mode file for STMicroelectronics.X-CUBE-SAFEA1.1.2.2
2025-05-02 14:13:51,575 [WARN] PackLoader:240 - Cannot read IP mode file for STMicroelectronics.X-CUBE-NFC4.3.0.0
2025-05-02 14:13:51,617 [WARN] PackLoader:240 - Cannot read IP mode file for EmbeddedOffice.I-CUBE-FS-RTOS.1.0.1
2025-05-02 14:13:51,640 [WARN] PackLoader:240 - Cannot read IP mode file for STMicroelectronics.X-CUBE-WB05N.2.0.0
2025-05-02 14:13:51,661 [WARN] PackLoader:240 - Cannot read IP mode file for wolfSSL.I-CUBE-wolfTPM.3.8.0
2025-05-02 14:13:51,675 [WARN] PackLoader:240 - Cannot read IP mode file for STMicroelectronics.X-CUBE-TCPP.4.2.0
2025-05-02 14:13:51,689 [WARN] PackLoader:240 - Cannot read IP mode file for RealThread.X-CUBE-RT-Thread_Nano.4.1.1
2025-05-02 14:13:51,699 [WARN] PackLoader:240 - Cannot read IP mode file for STMicroelectronics.FP-ATR-SIGFOX1.3.2.0
2025-05-02 14:13:51,709 [WARN] PackLoader:240 - Cannot read IP mode file for STMicroelectronics.X-CUBE-EEPRMA1.5.1.0
2025-05-02 14:13:51,716 [WARN] PackLoader:240 - Cannot read IP mode file for wolfSSL.I-CUBE-wolfSSL.5.7.6
2025-05-02 14:13:51,724 [WARN] PackLoader:240 - Cannot read IP mode file for ITTIA_DB.I-CUBE-ITTIADB.8.9.0
2025-05-02 14:13:51,813 [WARN] PackLoader:240 - Cannot read IP mode file for SEGGER.I-CUBE-embOS.1.3.1
2025-05-02 14:13:51,938 [WARN] PackLoader:240 - Cannot read IP mode file for STMicroelectronics.X-CUBE-ALGOBUILD.1.4.0
2025-05-02 14:13:51,993 [INFO] WebApp:191 - Connection restablished
2025-05-02 14:13:52,025 [WARN] PackLoader:240 - Cannot read IP mode file for STMicroelectronics.X-CUBE-AZRTOS-F4.1.1.0
2025-05-02 14:13:52,053 [WARN] PackLoader:240 - Cannot read IP mode file for Avnet-IotConnect.X-CUBE-IoTC-DA16k-PMOD.1.0.0
2025-05-02 14:13:52,068 [WARN] PackLoader:240 - Cannot read IP mode file for STMicroelectronics.X-CUBE-ISPU.2.1.0
2025-05-02 14:13:52,117 [WARN] PackLoader:240 - Cannot read IP mode file for STMicroelectronics.X-CUBE-AZRTOS-L5.2.0.0
2025-05-02 14:13:52,143 [WARN] PackLoader:240 - Cannot read IP mode file for STMicroelectronics.X-CUBE-NFC6.3.1.0
2025-05-02 14:13:52,165 [WARN] PackLoader:240 - Cannot read IP mode file for STMicroelectronics.X-CUBE-FREERTOS.1.3.0
2025-05-02 14:13:52,190 [WARN] PackLoader:240 - Cannot read IP mode file for STMicroelectronics.X-CUBE-NFC7.1.0.1
2025-05-02 14:13:52,218 [WARN] PackLoader:240 - Cannot read IP mode file for STMicroelectronics.X-CUBE-DPower.1.3.0
2025-05-02 14:13:52,268 [WARN] ConditionMgr:438 - getConditionDescription Invalid condition id : LAN8742 Phy interface Condition cause : null
2025-05-02 14:13:52,269 [WARN] PackLoader:240 - Cannot read IP mode file for STMicroelectronics.X-CUBE-AZRTOS-L4.2.0.0
2025-05-02 14:13:52,278 [WARN] ConditionMgr:1044 - genDependencies : Invalid condition id : LAN8742 Phy interface Condition cause : null
2025-05-02 14:13:52,279 [WARN] ConditionMgr:1044 - genDependencies : Invalid condition id : LAN8742 Phy interface Condition cause : null
2025-05-02 14:13:52,280 [WARN] ConditionMgr:1044 - genDependencies : Invalid condition id : LAN8742 Phy interface Condition cause : null
2025-05-02 14:13:52,308 [WARN] PackLoader:240 - Cannot read IP mode file for STMicroelectronics.X-CUBE-SFXS2LP1.4.0.0
2025-05-02 14:13:52,380 [WARN] PackLoader:240 - Cannot read IP mode file for STMicroelectronics.X-CUBE-AZRTOS-H7.3.3.0
2025-05-02 14:13:52,397 [INFO] WebApp:225 - Starting web application
2025-05-02 14:13:52,397 [INFO] WebApp:593 - Web application path used /opt/st/stm32cubeide_1.18.1/plugins/com.st.stm32cube.common.mx_6.14.1.202504091515/db/plugins/mcufinder/reactClient1/index.html
2025-05-02 14:13:52,413 [WARN] ConditionMgr:438 - getConditionDescription Invalid condition id : UX DEVICE CLASS RTOS Condition cause : null
2025-05-02 14:13:52,414 [WARN] ConditionMgr:438 - getConditionDescription Invalid condition id : UX DEVICE CLASS RTOS Condition cause : null
2025-05-02 14:13:52,419 [WARN] PackLoader:240 - Cannot read IP mode file for STMicroelectronics.X-CUBE-AZRTOS-WB.2.0.0
2025-05-02 14:13:52,420 [WARN] ConditionMgr:1044 - genDependencies : Invalid condition id : UX DEVICE CLASS RTOS Condition cause : null
2025-05-02 14:13:52,420 [WARN] ConditionMgr:1044 - genDependencies : Invalid condition id : UX DEVICE CLASS RTOS Condition cause : null
2025-05-02 14:13:52,421 [WARN] ConditionMgr:1044 - genDependencies : Invalid condition id : UX DEVICE CLASS RTOS Condition cause : null
2025-05-02 14:13:52,422 [WARN] ConditionMgr:1044 - genDependencies : Invalid condition id : UX DEVICE CLASS RTOS Condition cause : null
2025-05-02 14:13:52,423 [WARN] ConditionMgr:1044 - genDependencies : Invalid condition id : UX DEVICE CLASS RTOS Condition cause : null
2025-05-02 14:13:52,443 [WARN] PackLoader:240 - Cannot read IP mode file for STMicroelectronics.X-CUBE-GNSS1.7.0.1
2025-05-02 14:13:52,476 [WARN] PackLoader:240 - Cannot read IP mode file for STMicroelectronics.X-CUBE-TOUCHGFX.4.25.0
2025-05-02 14:13:52,543 [WARN] PackLoader:240 - Cannot read IP mode file for STMicroelectronics.FP-SNS-STBOX1.2.0.0
2025-05-02 14:13:52,585 [WARN] PackLoader:240 - Cannot read IP mode file for STMicroelectronics.X-CUBE-SUBG2.5.0.0
2025-05-02 14:13:52,673 [WARN] PackLoader:240 - Cannot read IP mode file for STMicroelectronics.X-CUBE-AZRTOS-H7RS.1.1.0
2025-05-02 14:13:52,692 [WARN] PackLoader:240 - Cannot read IP mode file for Cesanta.I-CUBE-Mongoose.7.13.0
2025-05-02 14:13:52,736 [WARN] PackLoader:240 - Cannot read IP mode file for STMicroelectronics.X-CUBE-AZRTOS-G4.2.0.0
2025-05-02 14:13:52,751 [WARN] PackLoader:240 - Cannot read IP mode file for wolfSSL.I-CUBE-wolfSSH.1.4.20
2025-05-02 14:13:52,788 [WARN] PackLoader:240 - Cannot read IP mode file for STMicroelectronics.X-CUBE-IPS.3.1.0
2025-05-02 14:13:52,821 [WARN] PackLoader:240 - Cannot read IP mode file for STMicroelectronics.X-CUBE-ALS.1.0.2
2025-05-02 14:13:52,840 [WARN] PackLoader:240 - Cannot read IP mode file for portGmbH.I-Cube-SoM-uGOAL.1.1.0
2025-05-02 14:13:52,877 [WARN] PackLoader:240 - Cannot read IP mode file for STMicroelectronics.X-CUBE-TOF1.3.4.3
2025-05-02 14:13:52,921 [INFO] ThirdParty:978 - Integrity check success = true
2025-05-02 14:13:52,922 [INFO] IntegrityCheckThread:100 - exiting critical section [integrity check]
2025-05-02 14:13:52,923 [INFO] IntegrityCheckThread:103 - End integrity checks thread
2025-05-02 14:13:52,979 [INFO] UserAuth:484 - Internet connection configuration mode: 1
